
****** Vivado v2021.1 (64-bit)
  **** SW Build 3247384 on Thu Jun 10 19:36:07 MDT 2021
  **** IP Build 3246043 on Fri Jun 11 00:30:35 MDT 2021
    ** Copyright 1986-2021 Xilinx, Inc. All Rights Reserved.

source /home/tmp/eecs151-agk/fpga-labs-fa24-MissyJinkl/lab4/../scripts/impl.tcl
# source ../target.tcl
## set ABS_TOP                         /home/tmp/eecs151-agk/fpga-labs-fa24-MissyJinkl/lab4
## set TOP                            z1top
## set FPGA_PART                      xc7z020clg400-1
## set_param general.maxThreads       4
## set_param general.maxBackupLogs    0
## set RTL { /home/tmp/eecs151-agk/fpga-labs-fa24-MissyJinkl/lab4/src/button_parser.v /home/tmp/eecs151-agk/fpga-labs-fa24-MissyJinkl/lab4/src/dac.v /home/tmp/eecs151-agk/fpga-labs-fa24-MissyJinkl/lab4/src/debouncer.v /home/tmp/eecs151-agk/fpga-labs-fa24-MissyJinkl/lab4/src/edge_detector.v /home/tmp/eecs151-agk/fpga-labs-fa24-MissyJinkl/lab4/src/fcw_ram.v /home/tmp/eecs151-agk/fpga-labs-fa24-MissyJinkl/lab4/src/fsm.v /home/tmp/eecs151-agk/fpga-labs-fa24-MissyJinkl/lab4/src/nco.v /home/tmp/eecs151-agk/fpga-labs-fa24-MissyJinkl/lab4/src/sq_wave_gen.v /home/tmp/eecs151-agk/fpga-labs-fa24-MissyJinkl/lab4/src/synchronizer.v /home/tmp/eecs151-agk/fpga-labs-fa24-MissyJinkl/lab4/src/z1top.v }
## set CONSTRAINTS { /home/tmp/eecs151-agk/fpga-labs-fa24-MissyJinkl/lab4/src/z1top.xdc }
# open_checkpoint ${ABS_TOP}/build/synth/${TOP}.dcp
Command: open_checkpoint /home/tmp/eecs151-agk/fpga-labs-fa24-MissyJinkl/lab4/build/synth/z1top.dcp

Starting open_checkpoint Task

Time (s): cpu = 00:00:00.02 ; elapsed = 00:00:00.02 . Memory (MB): peak = 2678.266 ; gain = 0.000 ; free physical = 56553 ; free virtual = 66223
INFO: [Device 21-403] Loading part xc7z020clg400-1
Netlist sorting complete. Time (s): cpu = 00:00:00 ; elapsed = 00:00:00 . Memory (MB): peak = 2684.465 ; gain = 0.000 ; free physical = 56117 ; free virtual = 65787
INFO: [Netlist 29-17] Analyzing 23 Unisim elements for replacement
INFO: [Netlist 29-28] Unisim Transformation completed in 0 CPU seconds
INFO: [Project 1-479] Netlist was created with Vivado 2021.1
INFO: [Project 1-570] Preparing netlist for logic optimization
INFO: [Timing 38-478] Restoring timing data from binary archive.
INFO: [Timing 38-479] Binary timing data restore complete.
INFO: [Project 1-856] Restoring constraints from binary archive.
INFO: [Project 1-853] Binary constraint restore complete.
Reading XDEF placement.
Reading placer database...
Reading XDEF routing.
Read XDEF File: Time (s): cpu = 00:00:00.03 ; elapsed = 00:00:00.04 . Memory (MB): peak = 2721.402 ; gain = 0.000 ; free physical = 55599 ; free virtual = 65269
Restored from archive | CPU: 0.030000 secs | Memory: 1.163177 MB |
Finished XDEF File Restore: Time (s): cpu = 00:00:00.03 ; elapsed = 00:00:00.04 . Memory (MB): peak = 2721.402 ; gain = 0.000 ; free physical = 55599 ; free virtual = 65269
Netlist sorting complete. Time (s): cpu = 00:00:00 ; elapsed = 00:00:00 . Memory (MB): peak = 2721.402 ; gain = 0.000 ; free physical = 55599 ; free virtual = 65269
INFO: [Project 1-111] Unisim Transformation Summary:
No Unisim elements were transformed.

INFO: [Project 1-604] Checkpoint was created with Vivado v2021.1 (64-bit) build 3247384
open_checkpoint: Time (s): cpu = 00:00:08 ; elapsed = 00:00:14 . Memory (MB): peak = 2721.402 ; gain = 43.137 ; free physical = 55598 ; free virtual = 65268
# if {[string trim ${CONSTRAINTS}] ne ""} {
#   read_xdc ${CONSTRAINTS}
# }
Parsing XDC File [/home/tmp/eecs151-agk/fpga-labs-fa24-MissyJinkl/lab4/src/z1top.xdc]
Finished Parsing XDC File [/home/tmp/eecs151-agk/fpga-labs-fa24-MissyJinkl/lab4/src/z1top.xdc]
# opt_design
Command: opt_design
Attempting to get a license for feature 'Implementation' and/or device 'xc7z020'
INFO: [Common 17-349] Got license for feature 'Implementation' and/or device 'xc7z020'
Running DRC as a precondition to command opt_design

Starting DRC Task
INFO: [DRC 23-27] Running DRC with 4 threads
INFO: [Project 1-461] DRC finished with 0 Errors
INFO: [Project 1-462] Please refer to the DRC report (report_drc) for more information.

Time (s): cpu = 00:00:00.72 ; elapsed = 00:00:00.49 . Memory (MB): peak = 2805.949 ; gain = 84.547 ; free physical = 55584 ; free virtual = 65254

Starting Cache Timing Information Task
INFO: [Timing 38-35] Done setting XDC timing constraints.
Ending Cache Timing Information Task | Checksum: 172ec5ee3

Time (s): cpu = 00:00:00.03 ; elapsed = 00:00:00.03 . Memory (MB): peak = 2854.762 ; gain = 48.812 ; free physical = 55582 ; free virtual = 65253

Starting Logic Optimization Task

Phase 1 Retarget
INFO: [Opt 31-138] Pushed 0 inverter(s) to 0 load pin(s).
INFO: [Opt 31-49] Retargeted 0 cell(s).
Phase 1 Retarget | Checksum: 172ec5ee3

Time (s): cpu = 00:00:00.02 ; elapsed = 00:00:00.03 . Memory (MB): peak = 3013.762 ; gain = 0.000 ; free physical = 55402 ; free virtual = 65072
INFO: [Opt 31-389] Phase Retarget created 0 cells and removed 0 cells

Phase 2 Constant propagation
INFO: [Opt 31-138] Pushed 0 inverter(s) to 0 load pin(s).
Phase 2 Constant propagation | Checksum: 1e949b8a0

Time (s): cpu = 00:00:00.02 ; elapsed = 00:00:00.04 . Memory (MB): peak = 3013.762 ; gain = 0.000 ; free physical = 55402 ; free virtual = 65072
INFO: [Opt 31-389] Phase Constant propagation created 0 cells and removed 0 cells

Phase 3 Sweep
Phase 3 Sweep | Checksum: 256f2244f

Time (s): cpu = 00:00:00.02 ; elapsed = 00:00:00.04 . Memory (MB): peak = 3013.762 ; gain = 0.000 ; free physical = 55402 ; free virtual = 65072
INFO: [Opt 31-389] Phase Sweep created 0 cells and removed 0 cells

Phase 4 BUFG optimization
Phase 4 BUFG optimization | Checksum: 256f2244f

Time (s): cpu = 00:00:00.02 ; elapsed = 00:00:00.04 . Memory (MB): peak = 3013.762 ; gain = 0.000 ; free physical = 55402 ; free virtual = 65072
INFO: [Opt 31-662] Phase BUFG optimization created 0 cells of which 0 are BUFGs and removed 0 cells.

Phase 5 Shift Register Optimization
INFO: [Opt 31-1064] SRL Remap converted 0 SRLs to 0 registers and converted 0 registers of register chains to 0 SRLs
Phase 5 Shift Register Optimization | Checksum: 256f2244f

Time (s): cpu = 00:00:00.03 ; elapsed = 00:00:00.04 . Memory (MB): peak = 3013.762 ; gain = 0.000 ; free physical = 55402 ; free virtual = 65072
INFO: [Opt 31-389] Phase Shift Register Optimization created 0 cells and removed 0 cells

Phase 6 Post Processing Netlist
Phase 6 Post Processing Netlist | Checksum: 256f2244f

Time (s): cpu = 00:00:00.03 ; elapsed = 00:00:00.04 . Memory (MB): peak = 3013.762 ; gain = 0.000 ; free physical = 55402 ; free virtual = 65072
INFO: [Opt 31-389] Phase Post Processing Netlist created 0 cells and removed 0 cells
Opt_design Change Summary
=========================


-------------------------------------------------------------------------------------------------------------------------
|  Phase                        |  #Cells created  |  #Cells Removed  |  #Constrained objects preventing optimizations  |
-------------------------------------------------------------------------------------------------------------------------
|  Retarget                     |               0  |               0  |                                              0  |
|  Constant propagation         |               0  |               0  |                                              0  |
|  Sweep                        |               0  |               0  |                                              0  |
|  BUFG optimization            |               0  |               0  |                                              0  |
|  Shift Register Optimization  |               0  |               0  |                                              0  |
|  Post Processing Netlist      |               0  |               0  |                                              0  |
-------------------------------------------------------------------------------------------------------------------------



Starting Connectivity Check Task

Time (s): cpu = 00:00:00 ; elapsed = 00:00:00 . Memory (MB): peak = 3013.762 ; gain = 0.000 ; free physical = 55402 ; free virtual = 65072
Ending Logic Optimization Task | Checksum: 1599ccc45

Time (s): cpu = 00:00:00.03 ; elapsed = 00:00:00.05 . Memory (MB): peak = 3013.762 ; gain = 0.000 ; free physical = 55402 ; free virtual = 65072

Starting Power Optimization Task
INFO: [Pwropt 34-132] Skipping clock gating for clocks with a period < 2.00 ns.
INFO: [Pwropt 34-9] Applying IDT optimizations ...
INFO: [Pwropt 34-10] Applying ODC optimizations ...
INFO: [Timing 38-35] Done setting XDC timing constraints.
Running Vector-less Activity Propagation...

Finished Running Vector-less Activity Propagation


Starting PowerOpt Patch Enables Task
INFO: [Pwropt 34-162] WRITE_MODE attribute of 0 BRAM(s) out of a total of 1 has been updated to save power. Run report_power_opt to get a complete listing of the BRAMs updated.
INFO: [Pwropt 34-201] Structural ODC has moved 0 WE to EN ports
Number of BRAM Ports augmented: 1 newly gated: 0 Total Ports: 2
Number of Flops added for Enable Generation: 1

Ending PowerOpt Patch Enables Task | Checksum: 14f4f6644

Time (s): cpu = 00:00:00 ; elapsed = 00:00:00.01 . Memory (MB): peak = 3218.797 ; gain = 0.000 ; free physical = 55390 ; free virtual = 65064
Ending Power Optimization Task | Checksum: 14f4f6644

Time (s): cpu = 00:00:00.44 ; elapsed = 00:00:00.24 . Memory (MB): peak = 3218.797 ; gain = 205.035 ; free physical = 55393 ; free virtual = 65067

Starting Final Cleanup Task

Starting Logic Optimization Task
INFO: [Timing 38-35] Done setting XDC timing constraints.
Ending Logic Optimization Task | Checksum: df5416f7

Time (s): cpu = 00:00:00.02 ; elapsed = 00:00:00.02 . Memory (MB): peak = 3218.797 ; gain = 0.000 ; free physical = 55389 ; free virtual = 65064
Ending Final Cleanup Task | Checksum: df5416f7

Time (s): cpu = 00:00:00.92 ; elapsed = 00:00:01 . Memory (MB): peak = 3218.797 ; gain = 0.000 ; free physical = 55389 ; free virtual = 65064

Starting Netlist Obfuscation Task
Netlist sorting complete. Time (s): cpu = 00:00:00 ; elapsed = 00:00:00 . Memory (MB): peak = 3218.797 ; gain = 0.000 ; free physical = 55389 ; free virtual = 65064
Ending Netlist Obfuscation Task | Checksum: df5416f7

Time (s): cpu = 00:00:00 ; elapsed = 00:00:00 . Memory (MB): peak = 3218.797 ; gain = 0.000 ; free physical = 55389 ; free virtual = 65064
INFO: [Common 17-83] Releasing license: Implementation
23 Infos, 0 Warnings, 0 Critical Warnings and 0 Errors encountered.
opt_design completed successfully
INFO: [Common 17-600] The following parameters have non-default value.
general.maxThreads
# place_design
Command: place_design
Attempting to get a license for feature 'Implementation' and/or device 'xc7z020'
INFO: [Common 17-349] Got license for feature 'Implementation' and/or device 'xc7z020'
INFO: [Timing 38-35] Done setting XDC timing constraints.
INFO: [DRC 23-27] Running DRC with 4 threads
INFO: [Vivado_Tcl 4-198] DRC finished with 0 Errors
INFO: [Vivado_Tcl 4-199] Please refer to the DRC report (report_drc) for more information.
Running DRC as a precondition to command place_design
INFO: [DRC 23-27] Running DRC with 4 threads
INFO: [Vivado_Tcl 4-198] DRC finished with 0 Errors
INFO: [Vivado_Tcl 4-199] Please refer to the DRC report (report_drc) for more information.

Starting Placer Task
INFO: [Place 30-611] Multithreading enabled for place_design using a maximum of 4 CPUs

Phase 1 Placer Initialization

Phase 1.1 Placer Initialization Netlist Sorting
Netlist sorting complete. Time (s): cpu = 00:00:00 ; elapsed = 00:00:00 . Memory (MB): peak = 3218.797 ; gain = 0.000 ; free physical = 55345 ; free virtual = 65020
Phase 1.1 Placer Initialization Netlist Sorting | Checksum: c624db93

Time (s): cpu = 00:00:00.01 ; elapsed = 00:00:00.05 . Memory (MB): peak = 3218.797 ; gain = 0.000 ; free physical = 55345 ; free virtual = 65020
Netlist sorting complete. Time (s): cpu = 00:00:00 ; elapsed = 00:00:00 . Memory (MB): peak = 3218.797 ; gain = 0.000 ; free physical = 55345 ; free virtual = 65020

Phase 1.2 IO Placement/ Clock Placement/ Build Placer Device
Phase 1.2 IO Placement/ Clock Placement/ Build Placer Device | Checksum: 1527b5ee

Time (s): cpu = 00:00:00.22 ; elapsed = 00:00:00.18 . Memory (MB): peak = 3218.797 ; gain = 0.000 ; free physical = 55366 ; free virtual = 65044

Phase 1.3 Build Placer Netlist Model
Phase 1.3 Build Placer Netlist Model | Checksum: e765d94d

Time (s): cpu = 00:00:00.41 ; elapsed = 00:00:00.24 . Memory (MB): peak = 3218.797 ; gain = 0.000 ; free physical = 55377 ; free virtual = 65057

Phase 1.4 Constrain Clocks/Macros
Phase 1.4 Constrain Clocks/Macros | Checksum: e765d94d

Time (s): cpu = 00:00:00.41 ; elapsed = 00:00:00.24 . Memory (MB): peak = 3218.797 ; gain = 0.000 ; free physical = 55377 ; free virtual = 65057
Phase 1 Placer Initialization | Checksum: e765d94d

Time (s): cpu = 00:00:00.42 ; elapsed = 00:00:00.25 . Memory (MB): peak = 3218.797 ; gain = 0.000 ; free physical = 55376 ; free virtual = 65056

Phase 2 Global Placement

Phase 2.1 Floorplanning
Phase 2.1 Floorplanning | Checksum: 1131c9f47

Time (s): cpu = 00:00:00.47 ; elapsed = 00:00:00.27 . Memory (MB): peak = 3218.797 ; gain = 0.000 ; free physical = 55375 ; free virtual = 65055

Phase 2.2 Update Timing before SLR Path Opt
Phase 2.2 Update Timing before SLR Path Opt | Checksum: a0d211dd

Time (s): cpu = 00:00:00.51 ; elapsed = 00:00:00.28 . Memory (MB): peak = 3218.797 ; gain = 0.000 ; free physical = 55375 ; free virtual = 65055

Phase 2.3 Post-Processing in Floorplanning
Phase 2.3 Post-Processing in Floorplanning | Checksum: a0d211dd

Time (s): cpu = 00:00:00.51 ; elapsed = 00:00:00.28 . Memory (MB): peak = 3218.797 ; gain = 0.000 ; free physical = 55375 ; free virtual = 65055

Phase 2.4 Global Placement Core

Phase 2.4.1 Physical Synthesis In Placer
INFO: [Physopt 32-1035] Found 0 LUTNM shape to break, 7 LUT instances to create LUTNM shape
INFO: [Physopt 32-1044] Break lutnm for timing: one critical 0, two critical 0, total 0, new lutff created 0
INFO: [Physopt 32-1138] End 1 Pass. Optimized 3 nets or LUTs. Breaked 0 LUT, combined 3 existing LUTs and moved 0 existing LUT
INFO: [Physopt 32-65] No nets found for high-fanout optimization.
INFO: [Physopt 32-232] Optimized 0 net. Created 0 new instance.
INFO: [Physopt 32-775] End 1 Pass. Optimized 0 net or cell. Created 0 new cell, deleted 0 existing cell and moved 0 existing cell
INFO: [Physopt 32-670] No setup violation found.  DSP Register Optimization was not performed.
INFO: [Physopt 32-670] No setup violation found.  Shift Register to Pipeline Optimization was not performed.
INFO: [Physopt 32-670] No setup violation found.  Shift Register Optimization was not performed.
INFO: [Physopt 32-670] No setup violation found.  BRAM Register Optimization was not performed.
INFO: [Physopt 32-670] No setup violation found.  URAM Register Optimization was not performed.
INFO: [Physopt 32-949] No candidate nets found for dynamic/static region interface net replication
INFO: [Physopt 32-775] End 1 Pass. Optimized 0 net or cell. Created 0 new cell, deleted 0 existing cell and moved 0 existing cell
Netlist sorting complete. Time (s): cpu = 00:00:00 ; elapsed = 00:00:00 . Memory (MB): peak = 3218.797 ; gain = 0.000 ; free physical = 55358 ; free virtual = 65040

Summary of Physical Synthesis Optimizations
============================================


-----------------------------------------------------------------------------------------------------------------------------------------------------------
|  Optimization                                     |  Added Cells  |  Removed Cells  |  Optimized Cells/Nets  |  Dont Touch  |  Iterations  |  Elapsed   |
-----------------------------------------------------------------------------------------------------------------------------------------------------------
|  LUT Combining                                    |            0  |              3  |                     3  |           0  |           1  |  00:00:00  |
|  Retime                                           |            0  |              0  |                     0  |           0  |           1  |  00:00:00  |
|  Very High Fanout                                 |            0  |              0  |                     0  |           0  |           1  |  00:00:00  |
|  DSP Register                                     |            0  |              0  |                     0  |           0  |           0  |  00:00:00  |
|  Shift Register to Pipeline                       |            0  |              0  |                     0  |           0  |           0  |  00:00:00  |
|  Shift Register                                   |            0  |              0  |                     0  |           0  |           0  |  00:00:00  |
|  BRAM Register                                    |            0  |              0  |                     0  |           0  |           0  |  00:00:00  |
|  URAM Register                                    |            0  |              0  |                     0  |           0  |           0  |  00:00:00  |
|  Dynamic/Static Region Interface Net Replication  |            0  |              0  |                     0  |           0  |           1  |  00:00:00  |
|  Total                                            |            0  |              3  |                     3  |           0  |           4  |  00:00:00  |
-----------------------------------------------------------------------------------------------------------------------------------------------------------


Phase 2.4.1 Physical Synthesis In Placer | Checksum: 122f60e21

Time (s): cpu = 00:00:01 ; elapsed = 00:00:00.66 . Memory (MB): peak = 3218.797 ; gain = 0.000 ; free physical = 55358 ; free virtual = 65040
Phase 2.4 Global Placement Core | Checksum: 11b19510e

Time (s): cpu = 00:00:01 ; elapsed = 00:00:00.68 . Memory (MB): peak = 3218.797 ; gain = 0.000 ; free physical = 55357 ; free virtual = 65039
Phase 2 Global Placement | Checksum: 11b19510e

Time (s): cpu = 00:00:01 ; elapsed = 00:00:00.68 . Memory (MB): peak = 3218.797 ; gain = 0.000 ; free physical = 55357 ; free virtual = 65039

Phase 3 Detail Placement

Phase 3.1 Commit Multi Column Macros
Phase 3.1 Commit Multi Column Macros | Checksum: 2042f9f76

Time (s): cpu = 00:00:02 ; elapsed = 00:00:00.69 . Memory (MB): peak = 3218.797 ; gain = 0.000 ; free physical = 55357 ; free virtual = 65039

Phase 3.2 Commit Most Macros & LUTRAMs
Phase 3.2 Commit Most Macros & LUTRAMs | Checksum: dbce851d

Time (s): cpu = 00:00:02 ; elapsed = 00:00:00.71 . Memory (MB): peak = 3218.797 ; gain = 0.000 ; free physical = 55356 ; free virtual = 65039

Phase 3.3 Area Swap Optimization
Phase 3.3 Area Swap Optimization | Checksum: ced58054

Time (s): cpu = 00:00:02 ; elapsed = 00:00:00.71 . Memory (MB): peak = 3218.797 ; gain = 0.000 ; free physical = 55356 ; free virtual = 65039

Phase 3.4 Pipeline Register Optimization
Phase 3.4 Pipeline Register Optimization | Checksum: 161e8a790

Time (s): cpu = 00:00:02 ; elapsed = 00:00:00.71 . Memory (MB): peak = 3218.797 ; gain = 0.000 ; free physical = 55356 ; free virtual = 65039

Phase 3.5 Small Shape Detail Placement
Phase 3.5 Small Shape Detail Placement | Checksum: 1551dd1d1

Time (s): cpu = 00:00:02 ; elapsed = 00:00:00.79 . Memory (MB): peak = 3218.797 ; gain = 0.000 ; free physical = 55354 ; free virtual = 65037

Phase 3.6 Re-assign LUT pins
Phase 3.6 Re-assign LUT pins | Checksum: 1939c6618

Time (s): cpu = 00:00:02 ; elapsed = 00:00:00.80 . Memory (MB): peak = 3218.797 ; gain = 0.000 ; free physical = 55354 ; free virtual = 65037

Phase 3.7 Pipeline Register Optimization
Phase 3.7 Pipeline Register Optimization | Checksum: 1c289add4

Time (s): cpu = 00:00:02 ; elapsed = 00:00:00.80 . Memory (MB): peak = 3218.797 ; gain = 0.000 ; free physical = 55354 ; free virtual = 65037
Phase 3 Detail Placement | Checksum: 1c289add4

Time (s): cpu = 00:00:02 ; elapsed = 00:00:00.80 . Memory (MB): peak = 3218.797 ; gain = 0.000 ; free physical = 55354 ; free virtual = 65037

Phase 4 Post Placement Optimization and Clean-Up

Phase 4.1 Post Commit Optimization
INFO: [Timing 38-35] Done setting XDC timing constraints.

Phase 4.1.1 Post Placement Optimization
Post Placement Optimization Initialization | Checksum: 15aba6d93

Phase 4.1.1.1 BUFG Insertion

Starting Physical Synthesis Task

Phase 1 Physical Synthesis Initialization
INFO: [Physopt 32-721] Multithreading enabled for phys_opt_design using a maximum of 4 CPUs
INFO: [Physopt 32-619] Estimated Timing Summary | WNS=2.008 | TNS=0.000 |
Phase 1 Physical Synthesis Initialization | Checksum: b4290ab6

Time (s): cpu = 00:00:00.04 ; elapsed = 00:00:00 . Memory (MB): peak = 3218.797 ; gain = 0.000 ; free physical = 55354 ; free virtual = 65037
INFO: [Place 46-56] BUFG insertion identified 0 candidate nets. Inserted BUFG: 0, Replicated BUFG Driver: 0, Skipped due to Placement/Routing Conflicts: 0, Skipped due to Timing Degradation: 0, Skipped due to Illegal Netlist: 0.
Ending Physical Synthesis Task | Checksum: 1099b3f1f

Time (s): cpu = 00:00:00.04 ; elapsed = 00:00:00 . Memory (MB): peak = 3218.797 ; gain = 0.000 ; free physical = 55354 ; free virtual = 65037
Phase 4.1.1.1 BUFG Insertion | Checksum: 15aba6d93

Time (s): cpu = 00:00:02 ; elapsed = 00:00:00.86 . Memory (MB): peak = 3218.797 ; gain = 0.000 ; free physical = 55354 ; free virtual = 65037

Phase 4.1.1.2 Post Placement Timing Optimization
INFO: [Place 30-746] Post Placement Timing Summary WNS=2.008. For the most accurate timing information please run report_timing.
Phase 4.1.1.2 Post Placement Timing Optimization | Checksum: 16013765a

Time (s): cpu = 00:00:02 ; elapsed = 00:00:00.86 . Memory (MB): peak = 3218.797 ; gain = 0.000 ; free physical = 55354 ; free virtual = 65037

Time (s): cpu = 00:00:02 ; elapsed = 00:00:00.86 . Memory (MB): peak = 3218.797 ; gain = 0.000 ; free physical = 55355 ; free virtual = 65038
Phase 4.1 Post Commit Optimization | Checksum: 16013765a

Time (s): cpu = 00:00:02 ; elapsed = 00:00:00.86 . Memory (MB): peak = 3218.797 ; gain = 0.000 ; free physical = 55355 ; free virtual = 65038

Phase 4.2 Post Placement Cleanup
Phase 4.2 Post Placement Cleanup | Checksum: 16013765a

Time (s): cpu = 00:00:02 ; elapsed = 00:00:00.86 . Memory (MB): peak = 3218.797 ; gain = 0.000 ; free physical = 55355 ; free virtual = 65038

Phase 4.3 Placer Reporting

Phase 4.3.1 Print Estimated Congestion
INFO: [Place 30-612] Post-Placement Estimated Congestion 
 ____________________________________________________
|           | Global Congestion | Short Congestion  |
| Direction | Region Size       | Region Size       |
|___________|___________________|___________________|
|      North|                1x1|                1x1|
|___________|___________________|___________________|
|      South|                1x1|                1x1|
|___________|___________________|___________________|
|       East|                1x1|                1x1|
|___________|___________________|___________________|
|       West|                1x1|                1x1|
|___________|___________________|___________________|

Phase 4.3.1 Print Estimated Congestion | Checksum: 16013765a

Time (s): cpu = 00:00:02 ; elapsed = 00:00:00.86 . Memory (MB): peak = 3218.797 ; gain = 0.000 ; free physical = 55355 ; free virtual = 65038
Phase 4.3 Placer Reporting | Checksum: 16013765a

Time (s): cpu = 00:00:02 ; elapsed = 00:00:00.86 . Memory (MB): peak = 3218.797 ; gain = 0.000 ; free physical = 55355 ; free virtual = 65038

Phase 4.4 Final Placement Cleanup
Netlist sorting complete. Time (s): cpu = 00:00:00 ; elapsed = 00:00:00 . Memory (MB): peak = 3218.797 ; gain = 0.000 ; free physical = 55355 ; free virtual = 65038

Time (s): cpu = 00:00:02 ; elapsed = 00:00:00.86 . Memory (MB): peak = 3218.797 ; gain = 0.000 ; free physical = 55355 ; free virtual = 65038
Phase 4 Post Placement Optimization and Clean-Up | Checksum: 20e28a6e3

Time (s): cpu = 00:00:02 ; elapsed = 00:00:00.87 . Memory (MB): peak = 3218.797 ; gain = 0.000 ; free physical = 55355 ; free virtual = 65038
Ending Placer Task | Checksum: 19e813444

Time (s): cpu = 00:00:02 ; elapsed = 00:00:00.87 . Memory (MB): peak = 3218.797 ; gain = 0.000 ; free physical = 55356 ; free virtual = 65039
INFO: [Common 17-83] Releasing license: Implementation
29 Infos, 0 Warnings, 0 Critical Warnings and 0 Errors encountered.
place_design completed successfully
INFO: [Common 17-600] The following parameters have non-default value.
general.maxThreads
# write_checkpoint -force ${TOP}_placed.dcp
INFO: [Timing 38-480] Writing timing data to binary archive.
Writing placer database...
Writing XDEF routing.
Writing XDEF routing logical nets.
Writing XDEF routing special nets.
Write XDEF Complete: Time (s): cpu = 00:00:00.11 ; elapsed = 00:00:00.05 . Memory (MB): peak = 3218.797 ; gain = 0.000 ; free physical = 55366 ; free virtual = 65050
INFO: [Common 17-1381] The checkpoint '/home/tmp/eecs151-agk/fpga-labs-fa24-MissyJinkl/lab4/build/impl/z1top_placed.dcp' has been generated.
# report_utilization -file post_place_utilization.rpt
# phys_opt_design
Command: phys_opt_design
Attempting to get a license for feature 'Implementation' and/or device 'xc7z020'
INFO: [Common 17-349] Got license for feature 'Implementation' and/or device 'xc7z020'
INFO: [Vivado_Tcl 4-383] Design worst setup slack (WNS) is greater than or equal to 0.000 ns. Skipping all physical synthesis optimizations.
INFO: [Vivado_Tcl 4-232] No setup violation found. The netlist was not modified.
INFO: [Common 17-83] Releasing license: Implementation
4 Infos, 0 Warnings, 0 Critical Warnings and 0 Errors encountered.
phys_opt_design completed successfully
INFO: [Common 17-600] The following parameters have non-default value.
general.maxThreads
# route_design
Command: route_design
Attempting to get a license for feature 'Implementation' and/or device 'xc7z020'
INFO: [Common 17-349] Got license for feature 'Implementation' and/or device 'xc7z020'
Running DRC as a precondition to command route_design
INFO: [DRC 23-27] Running DRC with 4 threads
INFO: [Vivado_Tcl 4-198] DRC finished with 0 Errors
INFO: [Vivado_Tcl 4-199] Please refer to the DRC report (report_drc) for more information.


Starting Routing Task
INFO: [Route 35-254] Multithreading enabled for route_design using a maximum of 4 CPUs
Checksum: PlaceDB: bfc09e41 ConstDB: 0 ShapeSum: dec09603 RouteDB: 0

Phase 1 Build RT Design
Phase 1 Build RT Design | Checksum: 12dde12fc

Time (s): cpu = 00:00:08 ; elapsed = 00:00:06 . Memory (MB): peak = 3237.469 ; gain = 18.672 ; free physical = 55209 ; free virtual = 64892
Post Restoration Checksum: NetGraph: 67b31d09 NumContArr: c62af5f3 Constraints: 0 Timing: 0

Phase 2 Router Initialization

Phase 2.1 Create Timer
Phase 2.1 Create Timer | Checksum: 12dde12fc

Time (s): cpu = 00:00:08 ; elapsed = 00:00:06 . Memory (MB): peak = 3237.469 ; gain = 18.672 ; free physical = 55210 ; free virtual = 64892

Phase 2.2 Fix Topology Constraints
Phase 2.2 Fix Topology Constraints | Checksum: 12dde12fc

Time (s): cpu = 00:00:08 ; elapsed = 00:00:06 . Memory (MB): peak = 3245.465 ; gain = 26.668 ; free physical = 55192 ; free virtual = 64875

Phase 2.3 Pre Route Cleanup
Phase 2.3 Pre Route Cleanup | Checksum: 12dde12fc

Time (s): cpu = 00:00:08 ; elapsed = 00:00:06 . Memory (MB): peak = 3245.465 ; gain = 26.668 ; free physical = 55191 ; free virtual = 64875
 Number of Nodes with overlaps = 0

Phase 2.4 Update Timing
Phase 2.4 Update Timing | Checksum: 190c4600d

Time (s): cpu = 00:00:08 ; elapsed = 00:00:07 . Memory (MB): peak = 3269.348 ; gain = 50.551 ; free physical = 55182 ; free virtual = 64867
INFO: [Route 35-416] Intermediate Timing Summary | WNS=2.014  | TNS=0.000  | WHS=-0.151 | THS=-3.494 |

Phase 2 Router Initialization | Checksum: 1bc964b87

Time (s): cpu = 00:00:08 ; elapsed = 00:00:07 . Memory (MB): peak = 3269.348 ; gain = 50.551 ; free physical = 55182 ; free virtual = 64866

Router Utilization Summary
  Global Vertical Routing Utilization    = 0 %
  Global Horizontal Routing Utilization  = 0 %
  Routable Net Status*
  *Does not include unroutable nets such as driverless and loadless.
  Run report_route_status for detailed report.
  Number of Failed Nets               = 261
    (Failed Nets is the sum of unrouted and partially routed nets)
  Number of Unrouted Nets             = 261
  Number of Partially Routed Nets     = 0
  Number of Node Overlaps             = 0


Phase 3 Initial Routing

Phase 3.1 Global Routing
Phase 3.1 Global Routing | Checksum: 1bc964b87

Time (s): cpu = 00:00:08 ; elapsed = 00:00:07 . Memory (MB): peak = 3269.348 ; gain = 50.551 ; free physical = 55180 ; free virtual = 64865
Phase 3 Initial Routing | Checksum: 28d7e4969

Time (s): cpu = 00:00:08 ; elapsed = 00:00:07 . Memory (MB): peak = 3269.348 ; gain = 50.551 ; free physical = 55181 ; free virtual = 64865

Phase 4 Rip-up And Reroute

Phase 4.1 Global Iteration 0
 Number of Nodes with overlaps = 18
 Number of Nodes with overlaps = 0
INFO: [Route 35-416] Intermediate Timing Summary | WNS=1.761  | TNS=0.000  | WHS=N/A    | THS=N/A    |

Phase 4.1 Global Iteration 0 | Checksum: 11e2a23d1

Time (s): cpu = 00:00:08 ; elapsed = 00:00:07 . Memory (MB): peak = 3269.348 ; gain = 50.551 ; free physical = 55181 ; free virtual = 64865

Phase 4.2 Global Iteration 1
 Number of Nodes with overlaps = 2
 Number of Nodes with overlaps = 0
INFO: [Route 35-416] Intermediate Timing Summary | WNS=1.761  | TNS=0.000  | WHS=N/A    | THS=N/A    |

Phase 4.2 Global Iteration 1 | Checksum: 1dbf0cf6e

Time (s): cpu = 00:00:08 ; elapsed = 00:00:07 . Memory (MB): peak = 3269.348 ; gain = 50.551 ; free physical = 55180 ; free virtual = 64865
Phase 4 Rip-up And Reroute | Checksum: 1dbf0cf6e

Time (s): cpu = 00:00:08 ; elapsed = 00:00:07 . Memory (MB): peak = 3269.348 ; gain = 50.551 ; free physical = 55180 ; free virtual = 64865

Phase 5 Delay and Skew Optimization

Phase 5.1 Delay CleanUp
Phase 5.1 Delay CleanUp | Checksum: 1dbf0cf6e

Time (s): cpu = 00:00:08 ; elapsed = 00:00:07 . Memory (MB): peak = 3269.348 ; gain = 50.551 ; free physical = 55180 ; free virtual = 64865

Phase 5.2 Clock Skew Optimization
Phase 5.2 Clock Skew Optimization | Checksum: 1dbf0cf6e

Time (s): cpu = 00:00:08 ; elapsed = 00:00:07 . Memory (MB): peak = 3269.348 ; gain = 50.551 ; free physical = 55180 ; free virtual = 64865
Phase 5 Delay and Skew Optimization | Checksum: 1dbf0cf6e

Time (s): cpu = 00:00:08 ; elapsed = 00:00:07 . Memory (MB): peak = 3269.348 ; gain = 50.551 ; free physical = 55180 ; free virtual = 64865

Phase 6 Post Hold Fix

Phase 6.1 Hold Fix Iter

Phase 6.1.1 Update Timing
Phase 6.1.1 Update Timing | Checksum: 1b919a4c7

Time (s): cpu = 00:00:08 ; elapsed = 00:00:07 . Memory (MB): peak = 3269.348 ; gain = 50.551 ; free physical = 55180 ; free virtual = 64865
INFO: [Route 35-416] Intermediate Timing Summary | WNS=1.876  | TNS=0.000  | WHS=0.050  | THS=0.000  |

Phase 6.1 Hold Fix Iter | Checksum: 1703fcfb9

Time (s): cpu = 00:00:08 ; elapsed = 00:00:07 . Memory (MB): peak = 3269.348 ; gain = 50.551 ; free physical = 55180 ; free virtual = 64865
Phase 6 Post Hold Fix | Checksum: 1703fcfb9

Time (s): cpu = 00:00:08 ; elapsed = 00:00:07 . Memory (MB): peak = 3269.348 ; gain = 50.551 ; free physical = 55180 ; free virtual = 64865

Phase 7 Route finalize

Router Utilization Summary
  Global Vertical Routing Utilization    = 0.0393497 %
  Global Horizontal Routing Utilization  = 0.027975 %
  Routable Net Status*
  *Does not include unroutable nets such as driverless and loadless.
  Run report_route_status for detailed report.
  Number of Failed Nets               = 0
    (Failed Nets is the sum of unrouted and partially routed nets)
  Number of Unrouted Nets             = 0
  Number of Partially Routed Nets     = 0
  Number of Node Overlaps             = 0

Phase 7 Route finalize | Checksum: 1c9fb4bcd

Time (s): cpu = 00:00:08 ; elapsed = 00:00:07 . Memory (MB): peak = 3269.348 ; gain = 50.551 ; free physical = 55180 ; free virtual = 64865

Phase 8 Verifying routed nets

 Verification completed successfully
Phase 8 Verifying routed nets | Checksum: 1c9fb4bcd

Time (s): cpu = 00:00:08 ; elapsed = 00:00:07 . Memory (MB): peak = 3269.348 ; gain = 50.551 ; free physical = 55179 ; free virtual = 64864

Phase 9 Depositing Routes
Phase 9 Depositing Routes | Checksum: 2284fdd94

Time (s): cpu = 00:00:08 ; elapsed = 00:00:07 . Memory (MB): peak = 3269.348 ; gain = 50.551 ; free physical = 55179 ; free virtual = 64864

Phase 10 Post Router Timing
INFO: [Route 35-57] Estimated Timing Summary | WNS=1.876  | TNS=0.000  | WHS=0.050  | THS=0.000  |

INFO: [Route 35-327] The final timing numbers are based on the router estimated timing analysis. For a complete and accurate timing signoff, please run report_timing_summary.
Phase 10 Post Router Timing | Checksum: 2284fdd94

Time (s): cpu = 00:00:08 ; elapsed = 00:00:07 . Memory (MB): peak = 3269.348 ; gain = 50.551 ; free physical = 55181 ; free virtual = 64865
INFO: [Route 35-16] Router Completed Successfully

Time (s): cpu = 00:00:08 ; elapsed = 00:00:07 . Memory (MB): peak = 3269.348 ; gain = 50.551 ; free physical = 55201 ; free virtual = 64886

Routing Is Done.
INFO: [Common 17-83] Releasing license: Implementation
13 Infos, 0 Warnings, 0 Critical Warnings and 0 Errors encountered.
route_design completed successfully
route_design: Time (s): cpu = 00:00:09 ; elapsed = 00:00:07 . Memory (MB): peak = 3269.348 ; gain = 50.551 ; free physical = 55202 ; free virtual = 64886
INFO: [Common 17-600] The following parameters have non-default value.
general.maxThreads
# write_checkpoint -force ${TOP}_routed.dcp
INFO: [Timing 38-480] Writing timing data to binary archive.
Writing placer database...
Writing XDEF routing.
Writing XDEF routing logical nets.
Writing XDEF routing special nets.
Write XDEF Complete: Time (s): cpu = 00:00:00.08 ; elapsed = 00:00:00.04 . Memory (MB): peak = 3277.352 ; gain = 0.000 ; free physical = 55198 ; free virtual = 64885
INFO: [Common 17-1381] The checkpoint '/home/tmp/eecs151-agk/fpga-labs-fa24-MissyJinkl/lab4/build/impl/z1top_routed.dcp' has been generated.
# write_verilog -force post_route.v
# write_xdc -force post_route.xdc
# report_drc -file post_route_drc.rpt
Command: report_drc -file post_route_drc.rpt
INFO: [IP_Flow 19-234] Refreshing IP repositories
INFO: [IP_Flow 19-1704] No user IP repositories specified
INFO: [IP_Flow 19-2313] Loaded Vivado IP repository '/share/instsww/xilinx/Vivado/2021.1/data/ip'.
INFO: [DRC 23-27] Running DRC with 4 threads
INFO: [Vivado_Tcl 2-168] The results of DRC are in file /home/tmp/eecs151-agk/fpga-labs-fa24-MissyJinkl/lab4/build/impl/post_route_drc.rpt.
report_drc completed successfully
# report_timing_summary -warn_on_violation -file post_route_timing_summary.rpt
INFO: [Timing 38-91] UpdateTimingParams: Speed grade: -1, Delay Type: min_max.
INFO: [Timing 38-191] Multithreading enabled for timing update using a maximum of 4 CPUs
# write_bitstream -force ${TOP}.bit
Command: write_bitstream -force z1top.bit
Attempting to get a license for feature 'Implementation' and/or device 'xc7z020'
INFO: [Common 17-349] Got license for feature 'Implementation' and/or device 'xc7z020'
Running DRC as a precondition to command write_bitstream
INFO: [IP_Flow 19-1839] IP Catalog is up to date.
INFO: [DRC 23-27] Running DRC with 4 threads
WARNING: [DRC ZPS7-1] PS7 block required: The PS7 cell must be used in this Zynq design in order to enable correct default configuration.
INFO: [Vivado 12-3199] DRC finished with 0 Errors, 1 Warnings
INFO: [Vivado 12-3200] Please refer to the DRC report (report_drc) for more information.
INFO: [Designutils 20-2272] Running write_bitstream with 4 threads.
Loading data files...
Loading site data...
Loading route data...
Processing options...
Creating bitmap...
Creating bitstream...
Writing bitstream ./z1top.bit...
INFO: [Vivado 12-1842] Bitgen Completed Successfully.
INFO: [#UNDEF] WebTalk data collection is mandatory when using a WebPACK part without a full Vivado license. To see the specific WebTalk data collected for your design, open the usage_statistics_webtalk.html or usage_statistics_webtalk.xml file in the implementation directory.
INFO: [Common 17-83] Releasing license: Implementation
9 Infos, 1 Warnings, 0 Critical Warnings and 0 Errors encountered.
write_bitstream completed successfully
write_bitstream: Time (s): cpu = 00:00:06 ; elapsed = 00:00:16 . Memory (MB): peak = 3638.875 ; gain = 333.840 ; free physical = 55137 ; free virtual = 64827
INFO: [Common 17-206] Exiting Vivado at Wed Oct  9 20:02:30 2024...
