Copyright 1986-2021 Xilinx, Inc. All Rights Reserved.
-------------------------------------------------------------------------------------------------------
| Tool Version : Vivado v.2021.1 (lin64) Build 3247384 Thu Jun 10 19:36:07 MDT 2021
| Date         : Fri Sep 20 08:19:03 2024
| Host         : c111-3.EECS.Berkeley.EDU running 64-bit Red Hat Enterprise Linux release 8.10 (Ootpa)
| Command      : report_timing_summary -warn_on_violation -file post_route_timing_summary.rpt
| Design       : z1top
| Device       : 7z020-clg400
| Speed File   : -1  PRODUCTION 1.12 2019-11-22
-------------------------------------------------------------------------------------------------------

Timing Summary Report

------------------------------------------------------------------------------------------------
| Timer Settings
| --------------
------------------------------------------------------------------------------------------------

  Enable Multi Corner Analysis               :  Yes
  Enable Pessimism Removal                   :  Yes
  Pessimism Removal Resolution               :  Nearest Common Node
  Enable Input Delay Default Clock           :  No
  Enable Preset / Clear Arcs                 :  No
  Disable Flight Delays                      :  No
  Ignore I/O Paths                           :  No
  Timing Early Launch at Borrowing Latches   :  No
  Borrow Time for Max Delay Exceptions       :  Yes
  Merge Timing Exceptions                    :  Yes

  Corner  Analyze    Analyze    
  Name    Max Paths  Min Paths  
  ------  ---------  ---------  
  Slow    Yes        Yes        
  Fast    Yes        Yes        


------------------------------------------------------------------------------------------------
| Report Methodology
| ------------------
------------------------------------------------------------------------------------------------

No report available as report_methodology has not been run prior. Run report_methodology on the current design for the summary of methodology violations.



check_timing report

Table of Contents
-----------------
1. checking no_clock (0)
2. checking constant_clock (0)
3. checking pulse_width_clock (0)
4. checking unconstrained_internal_endpoints (0)
5. checking no_input_delay (0)
6. checking no_output_delay (2)
7. checking multiple_clock (0)
8. checking generated_clocks (0)
9. checking loops (0)
10. checking partial_input_delay (0)
11. checking partial_output_delay (0)
12. checking latch_loops (0)

1. checking no_clock (0)
------------------------
 There are 0 register/latch pins with no clock.


2. checking constant_clock (0)
------------------------------
 There are 0 register/latch pins with constant_clock.


3. checking pulse_width_clock (0)
---------------------------------
 There are 0 register/latch pins which need pulse_width check


4. checking unconstrained_internal_endpoints (0)
------------------------------------------------
 There are 0 pins that are not constrained for maximum delay.

 There are 0 pins that are not constrained for maximum delay due to constant clock.


5. checking no_input_delay (0)
------------------------------
 There are 0 input ports with no input delay specified.

 There are 0 input ports with no input delay but user has a false path constraint.


6. checking no_output_delay (2)
-------------------------------
 There are 2 ports with no output delay specified. (HIGH)

 There are 0 ports with no output delay but user has a false path constraint

 There are 0 ports with no output delay but with a timing clock defined on it or propagating through it


7. checking multiple_clock (0)
------------------------------
 There are 0 register/latch pins with multiple clocks.


8. checking generated_clocks (0)
--------------------------------
 There are 0 generated clocks that are not connected to a clock source.


9. checking loops (0)
---------------------
 There are 0 combinational loops in the design.


10. checking partial_input_delay (0)
------------------------------------
 There are 0 input ports with partial input delay specified.


11. checking partial_output_delay (0)
-------------------------------------
 There are 0 ports with partial output delay specified.


12. checking latch_loops (0)
----------------------------
 There are 0 combinational latch loops in the design through latch input



------------------------------------------------------------------------------------------------
| Design Timing Summary
| ---------------------
------------------------------------------------------------------------------------------------

    WNS(ns)      TNS(ns)  TNS Failing Endpoints  TNS Total Endpoints      WHS(ns)      THS(ns)  THS Failing Endpoints  THS Total Endpoints     WPWS(ns)     TPWS(ns)  TPWS Failing Endpoints  TPWS Total Endpoints  
    -------      -------  ---------------------  -------------------      -------      -------  ---------------------  -------------------     --------     --------  ----------------------  --------------------  
      1.658        0.000                      0                   29        0.320        0.000                      0                   29        3.500        0.000                       0                    30  


All user specified timing constraints are met.


------------------------------------------------------------------------------------------------
| Clock Summary
| -------------
------------------------------------------------------------------------------------------------

Clock            Waveform(ns)         Period(ns)      Frequency(MHz)
-----            ------------         ----------      --------------
clk_125mhz_fpga  {0.000 4.000}        8.000           125.000         


------------------------------------------------------------------------------------------------
| Intra Clock Table
| -----------------
------------------------------------------------------------------------------------------------

Clock                WNS(ns)      TNS(ns)  TNS Failing Endpoints  TNS Total Endpoints      WHS(ns)      THS(ns)  THS Failing Endpoints  THS Total Endpoints     WPWS(ns)     TPWS(ns)  TPWS Failing Endpoints  TPWS Total Endpoints  
-----                -------      -------  ---------------------  -------------------      -------      -------  ---------------------  -------------------     --------     --------  ----------------------  --------------------  
clk_125mhz_fpga        1.658        0.000                      0                   29        0.320        0.000                      0                   29        3.500        0.000                       0                    30  


------------------------------------------------------------------------------------------------
| Inter Clock Table
| -----------------
------------------------------------------------------------------------------------------------

From Clock    To Clock          WNS(ns)      TNS(ns)  TNS Failing Endpoints  TNS Total Endpoints      WHS(ns)      THS(ns)  THS Failing Endpoints  THS Total Endpoints  
----------    --------          -------      -------  ---------------------  -------------------      -------      -------  ---------------------  -------------------  


------------------------------------------------------------------------------------------------
| Other Path Groups Table
| -----------------------
------------------------------------------------------------------------------------------------

Path Group    From Clock    To Clock          WNS(ns)      TNS(ns)  TNS Failing Endpoints  TNS Total Endpoints      WHS(ns)      THS(ns)  THS Failing Endpoints  THS Total Endpoints  
----------    ----------    --------          -------      -------  ---------------------  -------------------      -------      -------  ---------------------  -------------------  


------------------------------------------------------------------------------------------------
| Timing Details
| --------------
------------------------------------------------------------------------------------------------


---------------------------------------------------------------------------------------------------
From Clock:  clk_125mhz_fpga
  To Clock:  clk_125mhz_fpga

Setup :            0  Failing Endpoints,  Worst Slack        1.658ns,  Total Violation        0.000ns
Hold  :            0  Failing Endpoints,  Worst Slack        0.320ns,  Total Violation        0.000ns
PW    :            0  Failing Endpoints,  Worst Slack        3.500ns,  Total Violation        0.000ns
---------------------------------------------------------------------------------------------------


Max Delay Paths
--------------------------------------------------------------------------------------
Slack (MET) :             1.658ns  (required time - arrival time)
  Source:                 tester/operands_reg[2]/C
                            (rising edge-triggered cell FDRE clocked by clk_125mhz_fpga  {rise@0.000ns fall@4.000ns period=8.000ns})
  Destination:            tester/error_reg/D
                            (rising edge-triggered cell FDRE clocked by clk_125mhz_fpga  {rise@0.000ns fall@4.000ns period=8.000ns})
  Path Group:             clk_125mhz_fpga
  Path Type:              Setup (Max at Slow Process Corner)
  Requirement:            8.000ns  (clk_125mhz_fpga rise@8.000ns - clk_125mhz_fpga rise@0.000ns)
  Data Path Delay:        6.311ns  (logic 2.503ns (39.659%)  route 3.808ns (60.341%))
  Logic Levels:           9  (CARRY4=2 LUT2=1 LUT4=1 LUT5=3 LUT6=2)
  Clock Path Skew:        -0.024ns (DCD - SCD + CPR)
    Destination Clock Delay (DCD):    5.446ns = ( 13.446 - 8.000 ) 
    Source Clock Delay      (SCD):    5.935ns
    Clock Pessimism Removal (CPR):    0.464ns
  Clock Uncertainty:      0.035ns  ((TSJ^2 + TIJ^2)^1/2 + DJ) / 2 + PE
    Total System Jitter     (TSJ):    0.071ns
    Total Input Jitter      (TIJ):    0.000ns
    Discrete Jitter          (DJ):    0.000ns
    Phase Error              (PE):    0.000ns

    Location             Delay type                Incr(ns)  Path(ns)    Netlist Resource(s)
  -------------------------------------------------------------------    -------------------
                         (clock clk_125mhz_fpga rise edge)
                                                      0.000     0.000 r  
    H16                                               0.000     0.000 r  CLK_125MHZ_FPGA (IN)
                         net (fo=0)                   0.000     0.000    CLK_125MHZ_FPGA
    H16                  IBUF (Prop_ibuf_I_O)         1.451     1.451 r  CLK_125MHZ_FPGA_IBUF_inst/O
                         net (fo=1, routed)           2.522     3.973    CLK_125MHZ_FPGA_IBUF
    BUFGCTRL_X0Y16       BUFG (Prop_bufg_I_O)         0.101     4.074 r  CLK_125MHZ_FPGA_IBUF_BUFG_inst/O
                         net (fo=29, routed)          1.861     5.935    tester/CLK_125MHZ_FPGA_IBUF_BUFG
    SLICE_X108Y90        FDRE                                         r  tester/operands_reg[2]/C
  -------------------------------------------------------------------    -------------------
    SLICE_X108Y90        FDRE (Prop_fdre_C_Q)         0.518     6.453 r  tester/operands_reg[2]/Q
                         net (fo=5, routed)           1.092     7.545    tester/adder_operand1[2]
    SLICE_X109Y93        LUT6 (Prop_lut6_I0_O)        0.124     7.669 r  tester/error0_carry_i_13/O
                         net (fo=3, routed)           0.414     8.083    tester/structural_test_adder/carry_3
    SLICE_X109Y94        LUT5 (Prop_lut5_I2_O)        0.118     8.201 r  tester/error0_carry_i_23/O
                         net (fo=3, routed)           0.186     8.387    tester/structural_test_adder/carry_5
    SLICE_X109Y94        LUT5 (Prop_lut5_I2_O)        0.326     8.713 r  tester/error0_carry_i_12/O
                         net (fo=3, routed)           0.466     9.179    tester/structural_test_adder/carry_7
    SLICE_X111Y94        LUT5 (Prop_lut5_I2_O)        0.124     9.303 r  tester/error0_carry_i_18/O
                         net (fo=3, routed)           0.312     9.615    tester/structural_test_adder/carry_9
    SLICE_X112Y94        LUT4 (Prop_lut4_I1_O)        0.124     9.739 r  tester/error0_carry_i_5/O
                         net (fo=1, routed)           0.721    10.460    tester/error0_carry_i_5_n_0
    SLICE_X111Y92        LUT6 (Prop_lut6_I0_O)        0.124    10.584 r  tester/error0_carry_i_1/O
                         net (fo=1, routed)           0.000    10.584    tester/error0_carry_i_1_n_0
    SLICE_X111Y92        CARRY4 (Prop_carry4_S[3]_CO[3])
                                                      0.401    10.985 r  tester/error0_carry/CO[3]
                         net (fo=1, routed)           0.000    10.985    tester/error0_carry_n_0
    SLICE_X111Y93        CARRY4 (Prop_carry4_CI_CO[0])
                                                      0.271    11.256 r  tester/error0_carry__0/CO[0]
                         net (fo=1, routed)           0.617    11.873    tester/p_0_in
    SLICE_X109Y92        LUT2 (Prop_lut2_I1_O)        0.373    12.246 r  tester/error_i_1/O
                         net (fo=1, routed)           0.000    12.246    tester/error_i_1_n_0
    SLICE_X109Y92        FDRE                                         r  tester/error_reg/D
  -------------------------------------------------------------------    -------------------

                         (clock clk_125mhz_fpga rise edge)
                                                      8.000     8.000 r  
    H16                                               0.000     8.000 r  CLK_125MHZ_FPGA (IN)
                         net (fo=0)                   0.000     8.000    CLK_125MHZ_FPGA
    H16                  IBUF (Prop_ibuf_I_O)         1.380     9.380 r  CLK_125MHZ_FPGA_IBUF_inst/O
                         net (fo=1, routed)           2.293    11.673    CLK_125MHZ_FPGA_IBUF
    BUFGCTRL_X0Y16       BUFG (Prop_bufg_I_O)         0.091    11.764 r  CLK_125MHZ_FPGA_IBUF_BUFG_inst/O
                         net (fo=29, routed)          1.682    13.446    tester/CLK_125MHZ_FPGA_IBUF_BUFG
    SLICE_X109Y92        FDRE                                         r  tester/error_reg/C
                         clock pessimism              0.464    13.911    
                         clock uncertainty           -0.035    13.875    
    SLICE_X109Y92        FDRE (Setup_fdre_C_D)        0.029    13.904    tester/error_reg
  -------------------------------------------------------------------
                         required time                         13.904    
                         arrival time                         -12.246    
  -------------------------------------------------------------------
                         slack                                  1.658    





Min Delay Paths
--------------------------------------------------------------------------------------
Slack (MET) :             0.320ns  (arrival time - required time)
  Source:                 tester/operands_reg[0]/C
                            (rising edge-triggered cell FDRE clocked by clk_125mhz_fpga  {rise@0.000ns fall@4.000ns period=8.000ns})
  Destination:            tester/operands_reg[0]/D
                            (rising edge-triggered cell FDRE clocked by clk_125mhz_fpga  {rise@0.000ns fall@4.000ns period=8.000ns})
  Path Group:             clk_125mhz_fpga
  Path Type:              Hold (Min at Fast Process Corner)
  Requirement:            0.000ns  (clk_125mhz_fpga rise@0.000ns - clk_125mhz_fpga rise@0.000ns)
  Data Path Delay:        0.454ns  (logic 0.279ns (61.413%)  route 0.175ns (38.587%))
  Logic Levels:           2  (CARRY4=1 LUT1=1)
  Clock Path Skew:        0.000ns (DCD - SCD - CPR)
    Destination Clock Delay (DCD):    2.246ns
    Source Clock Delay      (SCD):    1.720ns
    Clock Pessimism Removal (CPR):    0.526ns

    Location             Delay type                Incr(ns)  Path(ns)    Netlist Resource(s)
  -------------------------------------------------------------------    -------------------
                         (clock clk_125mhz_fpga rise edge)
                                                      0.000     0.000 r  
    H16                                               0.000     0.000 r  CLK_125MHZ_FPGA (IN)
                         net (fo=0)                   0.000     0.000    CLK_125MHZ_FPGA
    H16                  IBUF (Prop_ibuf_I_O)         0.219     0.219 r  CLK_125MHZ_FPGA_IBUF_inst/O
                         net (fo=1, routed)           0.842     1.060    CLK_125MHZ_FPGA_IBUF
    BUFGCTRL_X0Y16       BUFG (Prop_bufg_I_O)         0.026     1.086 r  CLK_125MHZ_FPGA_IBUF_BUFG_inst/O
                         net (fo=29, routed)          0.634     1.720    tester/CLK_125MHZ_FPGA_IBUF_BUFG
    SLICE_X108Y90        FDRE                                         r  tester/operands_reg[0]/C
  -------------------------------------------------------------------    -------------------
    SLICE_X108Y90        FDRE (Prop_fdre_C_Q)         0.164     1.884 f  tester/operands_reg[0]/Q
                         net (fo=7, routed)           0.175     2.059    tester/adder_operand1[0]
    SLICE_X108Y90        LUT1 (Prop_lut1_I0_O)        0.045     2.104 r  tester/operands[0]_i_2/O
                         net (fo=1, routed)           0.000     2.104    tester/operands[0]_i_2_n_0
    SLICE_X108Y90        CARRY4 (Prop_carry4_S[0]_O[0])
                                                      0.070     2.174 r  tester/operands_reg[0]_i_1/O[0]
                         net (fo=1, routed)           0.000     2.174    tester/operands_reg[0]_i_1_n_7
    SLICE_X108Y90        FDRE                                         r  tester/operands_reg[0]/D
  -------------------------------------------------------------------    -------------------

                         (clock clk_125mhz_fpga rise edge)
                                                      0.000     0.000 r  
    H16                                               0.000     0.000 r  CLK_125MHZ_FPGA (IN)
                         net (fo=0)                   0.000     0.000    CLK_125MHZ_FPGA
    H16                  IBUF (Prop_ibuf_I_O)         0.406     0.406 r  CLK_125MHZ_FPGA_IBUF_inst/O
                         net (fo=1, routed)           0.907     1.313    CLK_125MHZ_FPGA_IBUF
    BUFGCTRL_X0Y16       BUFG (Prop_bufg_I_O)         0.029     1.342 r  CLK_125MHZ_FPGA_IBUF_BUFG_inst/O
                         net (fo=29, routed)          0.904     2.246    tester/CLK_125MHZ_FPGA_IBUF_BUFG
    SLICE_X108Y90        FDRE                                         r  tester/operands_reg[0]/C
                         clock pessimism             -0.526     1.720    
    SLICE_X108Y90        FDRE (Hold_fdre_C_D)         0.134     1.854    tester/operands_reg[0]
  -------------------------------------------------------------------
                         required time                         -1.854    
                         arrival time                           2.174    
  -------------------------------------------------------------------
                         slack                                  0.320    





Pulse Width Checks
--------------------------------------------------------------------------------------
Clock Name:         clk_125mhz_fpga
Waveform(ns):       { 0.000 4.000 }
Period(ns):         8.000
Sources:            { CLK_125MHZ_FPGA }

Check Type        Corner  Lib Pin  Reference Pin  Required(ns)  Actual(ns)  Slack(ns)  Location        Pin
Min Period        n/a     BUFG/I   n/a            2.155         8.000       5.845      BUFGCTRL_X0Y16  CLK_125MHZ_FPGA_IBUF_BUFG_inst/I
Low Pulse Width   Slow    FDRE/C   n/a            0.500         4.000       3.500      SLICE_X109Y92   tester/error_reg/C
High Pulse Width  Slow    FDRE/C   n/a            0.500         4.000       3.500      SLICE_X109Y92   tester/error_reg/C



