Copyright 1986-2021 Xilinx, Inc. All Rights Reserved.
--------------------------------------------------------------------------------------------------------
| Tool Version : Vivado v.2021.1 (lin64) Build 3247384 Thu Jun 10 19:36:07 MDT 2021
| Date         : Tue Oct  8 13:07:58 2024
| Host         : c111-18.EECS.Berkeley.EDU running 64-bit Red Hat Enterprise Linux release 8.10 (Ootpa)
| Command      : report_timing_summary -file post_synth_timing_summary.rpt
| Design       : z1top
| Device       : 7z020-clg400
| Speed File   : -1  PRODUCTION 1.12 2019-11-22
--------------------------------------------------------------------------------------------------------

Timing Summary Report

------------------------------------------------------------------------------------------------
| Timer Settings
| --------------
------------------------------------------------------------------------------------------------

  Enable Multi Corner Analysis               :  Yes
  Enable Pessimism Removal                   :  Yes
  Pessimism Removal Resolution               :  Nearest Common Node
  Enable Input Delay Default Clock           :  No
  Enable Preset / Clear Arcs                 :  No
  Disable Flight Delays                      :  No
  Ignore I/O Paths                           :  No
  Timing Early Launch at Borrowing Latches   :  No
  Borrow Time for Max Delay Exceptions       :  Yes
  Merge Timing Exceptions                    :  Yes

  Corner  Analyze    Analyze    
  Name    Max Paths  Min Paths  
  ------  ---------  ---------  
  Slow    Yes        Yes        
  Fast    Yes        Yes        


------------------------------------------------------------------------------------------------
| Report Methodology
| ------------------
------------------------------------------------------------------------------------------------

No report available as report_methodology has not been run prior. Run report_methodology on the current design for the summary of methodology violations.



check_timing report

Table of Contents
-----------------
1. checking no_clock (2)
2. checking constant_clock (0)
3. checking pulse_width_clock (0)
4. checking unconstrained_internal_endpoints (1)
5. checking no_input_delay (4)
6. checking no_output_delay (3)
7. checking multiple_clock (0)
8. checking generated_clocks (0)
9. checking loops (0)
10. checking partial_input_delay (0)
11. checking partial_output_delay (0)
12. checking latch_loops (0)

1. checking no_clock (2)
------------------------
 There is 1 register/latch pin with no clock driven by root clock pin: bp/button_edge_detector/edge_detect_pulse_reg[2]/Q (HIGH)

 There is 1 register/latch pin with no clock driven by root clock pin: switch_sync/sync_signal_reg[0]/Q (HIGH)


2. checking constant_clock (0)
------------------------------
 There are 0 register/latch pins with constant_clock.


3. checking pulse_width_clock (0)
---------------------------------
 There are 0 register/latch pins which need pulse_width check


4. checking unconstrained_internal_endpoints (1)
------------------------------------------------
 There is 1 pin that is not constrained for maximum delay. (HIGH)

 There are 0 pins that are not constrained for maximum delay due to constant clock.


5. checking no_input_delay (4)
------------------------------
 There are 4 input ports with no input delay specified. (HIGH)

 There are 0 input ports with no input delay but user has a false path constraint.


6. checking no_output_delay (3)
-------------------------------
 There are 3 ports with no output delay specified. (HIGH)

 There are 0 ports with no output delay but user has a false path constraint

 There are 0 ports with no output delay but with a timing clock defined on it or propagating through it


7. checking multiple_clock (0)
------------------------------
 There are 0 register/latch pins with multiple clocks.


8. checking generated_clocks (0)
--------------------------------
 There are 0 generated clocks that are not connected to a clock source.


9. checking loops (0)
---------------------
 There are 0 combinational loops in the design.


10. checking partial_input_delay (0)
------------------------------------
 There are 0 input ports with partial input delay specified.


11. checking partial_output_delay (0)
-------------------------------------
 There are 0 ports with partial output delay specified.


12. checking latch_loops (0)
----------------------------
 There are 0 combinational latch loops in the design through latch input



------------------------------------------------------------------------------------------------
| Design Timing Summary
| ---------------------
------------------------------------------------------------------------------------------------

    WNS(ns)      TNS(ns)  TNS Failing Endpoints  TNS Total Endpoints      WHS(ns)      THS(ns)  THS Failing Endpoints  THS Total Endpoints     WPWS(ns)     TPWS(ns)  TPWS Failing Endpoints  TPWS Total Endpoints  
    -------      -------  ---------------------  -------------------      -------      -------  ---------------------  -------------------     --------     --------  ----------------------  --------------------  
      3.510        0.000                      0                  136        0.132        0.000                      0                  136        3.500        0.000                       0                    68  


All user specified timing constraints are met.


------------------------------------------------------------------------------------------------
| Clock Summary
| -------------
------------------------------------------------------------------------------------------------

Clock            Waveform(ns)         Period(ns)      Frequency(MHz)
-----            ------------         ----------      --------------
clk_125mhz_fpga  {0.000 4.000}        8.000           125.000         


------------------------------------------------------------------------------------------------
| Intra Clock Table
| -----------------
------------------------------------------------------------------------------------------------

Clock                WNS(ns)      TNS(ns)  TNS Failing Endpoints  TNS Total Endpoints      WHS(ns)      THS(ns)  THS Failing Endpoints  THS Total Endpoints     WPWS(ns)     TPWS(ns)  TPWS Failing Endpoints  TPWS Total Endpoints  
-----                -------      -------  ---------------------  -------------------      -------      -------  ---------------------  -------------------     --------     --------  ----------------------  --------------------  
clk_125mhz_fpga        3.510        0.000                      0                  136        0.132        0.000                      0                  136        3.500        0.000                       0                    68  


------------------------------------------------------------------------------------------------
| Inter Clock Table
| -----------------
------------------------------------------------------------------------------------------------

From Clock    To Clock          WNS(ns)      TNS(ns)  TNS Failing Endpoints  TNS Total Endpoints      WHS(ns)      THS(ns)  THS Failing Endpoints  THS Total Endpoints  
----------    --------          -------      -------  ---------------------  -------------------      -------      -------  ---------------------  -------------------  


------------------------------------------------------------------------------------------------
| Other Path Groups Table
| -----------------------
------------------------------------------------------------------------------------------------

Path Group    From Clock    To Clock          WNS(ns)      TNS(ns)  TNS Failing Endpoints  TNS Total Endpoints      WHS(ns)      THS(ns)  THS Failing Endpoints  THS Total Endpoints  
----------    ----------    --------          -------      -------  ---------------------  -------------------      -------      -------  ---------------------  -------------------  


------------------------------------------------------------------------------------------------
| Timing Details
| --------------
------------------------------------------------------------------------------------------------


---------------------------------------------------------------------------------------------------
From Clock:  clk_125mhz_fpga
  To Clock:  clk_125mhz_fpga

Setup :            0  Failing Endpoints,  Worst Slack        3.510ns,  Total Violation        0.000ns
Hold  :            0  Failing Endpoints,  Worst Slack        0.132ns,  Total Violation        0.000ns
PW    :            0  Failing Endpoints,  Worst Slack        3.500ns,  Total Violation        0.000ns
---------------------------------------------------------------------------------------------------


Max Delay Paths
--------------------------------------------------------------------------------------
Slack (MET) :             3.510ns  (required time - arrival time)
  Source:                 gen/sample_counter_reg[1]/C
                            (rising edge-triggered cell FDRE clocked by clk_125mhz_fpga  {rise@0.000ns fall@4.000ns period=8.000ns})
  Destination:            gen/sample_counter_reg[0]/R
                            (rising edge-triggered cell FDRE clocked by clk_125mhz_fpga  {rise@0.000ns fall@4.000ns period=8.000ns})
  Path Group:             clk_125mhz_fpga
  Path Type:              Setup (Max at Slow Process Corner)
  Requirement:            8.000ns  (clk_125mhz_fpga rise@8.000ns - clk_125mhz_fpga rise@0.000ns)
  Data Path Delay:        3.753ns  (logic 1.499ns (39.941%)  route 2.254ns (60.059%))
  Logic Levels:           3  (CARRY4=1 LUT2=1 LUT3=1)
  Clock Path Skew:        -0.145ns (DCD - SCD + CPR)
    Destination Clock Delay (DCD):    2.670ns = ( 10.670 - 8.000 ) 
    Source Clock Delay      (SCD):    2.935ns
    Clock Pessimism Removal (CPR):    0.120ns
  Clock Uncertainty:      0.035ns  ((TSJ^2 + TIJ^2)^1/2 + DJ) / 2 + PE
    Total System Jitter     (TSJ):    0.071ns
    Total Input Jitter      (TIJ):    0.000ns
    Discrete Jitter          (DJ):    0.000ns
    Phase Error              (PE):    0.000ns

    Location             Delay type                Incr(ns)  Path(ns)    Netlist Resource(s)
  -------------------------------------------------------------------    -------------------
                         (clock clk_125mhz_fpga rise edge)
                                                      0.000     0.000 r  
    H16                                               0.000     0.000 r  CLK_125MHZ_FPGA (IN)
                         net (fo=0)                   0.000     0.000    CLK_125MHZ_FPGA
    H16                  IBUF (Prop_ibuf_I_O)         1.451     1.451 r  CLK_125MHZ_FPGA_IBUF_inst/O
                         net (fo=1, unplaced)         0.800     2.250    CLK_125MHZ_FPGA_IBUF
                         BUFG (Prop_bufg_I_O)         0.101     2.351 r  CLK_125MHZ_FPGA_IBUF_BUFG_inst/O
                         net (fo=67, unplaced)        0.584     2.935    gen/CLK_125MHZ_FPGA_IBUF_BUFG
                         FDRE                                         r  gen/sample_counter_reg[1]/C
  -------------------------------------------------------------------    -------------------
                         FDRE (Prop_fdre_C_Q)         0.478     3.413 r  gen/sample_counter_reg[1]/Q
                         net (fo=9, unplaced)         0.511     3.924    gen/sample_counter_reg[1]
                         LUT2 (Prop_lut2_I0_O)        0.321     4.245 r  gen/i__carry_i_4/O
                         net (fo=1, unplaced)         0.000     4.245    gen/i__carry_i_4_n_0
                         CARRY4 (Prop_carry4_DI[0]_CO[3])
                                                      0.576     4.821 r  gen/sample_counter0_inferred__0/i__carry/CO[3]
                         net (fo=2, unplaced)         0.929     5.750    dac/CO[0]
                         LUT3 (Prop_lut3_I1_O)        0.124     5.874 r  dac/sample_counter[7]_i_1/O
                         net (fo=8, unplaced)         0.814     6.688    gen/SR[0]
                         FDRE                                         r  gen/sample_counter_reg[0]/R
  -------------------------------------------------------------------    -------------------

                         (clock clk_125mhz_fpga rise edge)
                                                      8.000     8.000 r  
    H16                                               0.000     8.000 r  CLK_125MHZ_FPGA (IN)
                         net (fo=0)                   0.000     8.000    CLK_125MHZ_FPGA
    H16                  IBUF (Prop_ibuf_I_O)         1.380     9.380 r  CLK_125MHZ_FPGA_IBUF_inst/O
                         net (fo=1, unplaced)         0.760    10.140    CLK_125MHZ_FPGA_IBUF
                         BUFG (Prop_bufg_I_O)         0.091    10.231 r  CLK_125MHZ_FPGA_IBUF_BUFG_inst/O
                         net (fo=67, unplaced)        0.439    10.670    gen/CLK_125MHZ_FPGA_IBUF_BUFG
                         FDRE                                         r  gen/sample_counter_reg[0]/C
                         clock pessimism              0.120    10.790    
                         clock uncertainty           -0.035    10.755    
                         FDRE (Setup_fdre_C_R)       -0.557    10.198    gen/sample_counter_reg[0]
  -------------------------------------------------------------------
                         required time                         10.198    
                         arrival time                          -6.688    
  -------------------------------------------------------------------
                         slack                                  3.510    





Min Delay Paths
--------------------------------------------------------------------------------------
Slack (MET) :             0.132ns  (arrival time - required time)
  Source:                 bp/button_edge_detector/signal_in_d_reg[2]/C
                            (rising edge-triggered cell FDRE clocked by clk_125mhz_fpga  {rise@0.000ns fall@4.000ns period=8.000ns})
  Destination:            bp/button_edge_detector/edge_detect_pulse_reg[2]/D
                            (rising edge-triggered cell FDRE clocked by clk_125mhz_fpga  {rise@0.000ns fall@4.000ns period=8.000ns})
  Path Group:             clk_125mhz_fpga
  Path Type:              Hold (Min at Fast Process Corner)
  Requirement:            0.000ns  (clk_125mhz_fpga rise@0.000ns - clk_125mhz_fpga rise@0.000ns)
  Data Path Delay:        0.376ns  (logic 0.245ns (65.144%)  route 0.131ns (34.856%))
  Logic Levels:           1  (LUT2=1)
  Clock Path Skew:        0.145ns (DCD - SCD - CPR)
    Destination Clock Delay (DCD):    1.049ns
    Source Clock Delay      (SCD):    0.696ns
    Clock Pessimism Removal (CPR):    0.208ns

    Location             Delay type                Incr(ns)  Path(ns)    Netlist Resource(s)
  -------------------------------------------------------------------    -------------------
                         (clock clk_125mhz_fpga rise edge)
                                                      0.000     0.000 r  
    H16                                               0.000     0.000 r  CLK_125MHZ_FPGA (IN)
                         net (fo=0)                   0.000     0.000    CLK_125MHZ_FPGA
    H16                  IBUF (Prop_ibuf_I_O)         0.219     0.219 r  CLK_125MHZ_FPGA_IBUF_inst/O
                         net (fo=1, unplaced)         0.337     0.556    CLK_125MHZ_FPGA_IBUF
                         BUFG (Prop_bufg_I_O)         0.026     0.582 r  CLK_125MHZ_FPGA_IBUF_BUFG_inst/O
                         net (fo=67, unplaced)        0.114     0.696    bp/button_edge_detector/CLK_125MHZ_FPGA_IBUF_BUFG
                         FDRE                                         r  bp/button_edge_detector/signal_in_d_reg[2]/C
  -------------------------------------------------------------------    -------------------
                         FDRE (Prop_fdre_C_Q)         0.147     0.843 f  bp/button_edge_detector/signal_in_d_reg[2]/Q
                         net (fo=1, unplaced)         0.131     0.974    bp/button_edge_detector/signal_in_d[2]
                         LUT2 (Prop_lut2_I1_O)        0.098     1.072 r  bp/button_edge_detector/edge_detect_pulse[2]_i_1/O
                         net (fo=1, unplaced)         0.000     1.072    bp/button_edge_detector/edge_detect_pulse[2]_i_1_n_0
                         FDRE                                         r  bp/button_edge_detector/edge_detect_pulse_reg[2]/D
  -------------------------------------------------------------------    -------------------

                         (clock clk_125mhz_fpga rise edge)
                                                      0.000     0.000 r  
    H16                                               0.000     0.000 r  CLK_125MHZ_FPGA (IN)
                         net (fo=0)                   0.000     0.000    CLK_125MHZ_FPGA
    H16                  IBUF (Prop_ibuf_I_O)         0.406     0.406 r  CLK_125MHZ_FPGA_IBUF_inst/O
                         net (fo=1, unplaced)         0.355     0.761    CLK_125MHZ_FPGA_IBUF
                         BUFG (Prop_bufg_I_O)         0.029     0.790 r  CLK_125MHZ_FPGA_IBUF_BUFG_inst/O
                         net (fo=67, unplaced)        0.259     1.049    bp/button_edge_detector/CLK_125MHZ_FPGA_IBUF_BUFG
                         FDRE                                         r  bp/button_edge_detector/edge_detect_pulse_reg[2]/C
                         clock pessimism             -0.208     0.841    
                         FDRE (Hold_fdre_C_D)         0.099     0.940    bp/button_edge_detector/edge_detect_pulse_reg[2]
  -------------------------------------------------------------------
                         required time                         -0.940    
                         arrival time                           1.072    
  -------------------------------------------------------------------
                         slack                                  0.132    





Pulse Width Checks
--------------------------------------------------------------------------------------
Clock Name:         clk_125mhz_fpga
Waveform(ns):       { 0.000 4.000 }
Period(ns):         8.000
Sources:            { CLK_125MHZ_FPGA }

Check Type        Corner  Lib Pin  Reference Pin  Required(ns)  Actual(ns)  Slack(ns)  Location  Pin
Min Period        n/a     BUFG/I   n/a            2.155         8.000       5.845                CLK_125MHZ_FPGA_IBUF_BUFG_inst/I
Low Pulse Width   Slow    FDRE/C   n/a            0.500         4.000       3.500                bp/button_debouncer/debounce_logic[2].debounced_signal_reg[2]/C
High Pulse Width  Slow    FDRE/C   n/a            0.500         4.000       3.500                bp/button_debouncer/debounce_logic[2].debounced_signal_reg[2]/C



