
****** Vivado v2021.1 (64-bit)
  **** SW Build 3247384 on Thu Jun 10 19:36:07 MDT 2021
  **** IP Build 3246043 on Fri Jun 11 00:30:35 MDT 2021
    ** Copyright 1986-2021 Xilinx, Inc. All Rights Reserved.

source /home/tmp/eecs151-agk/fpga-labs-fa24-MissyJinkl/lab4/../scripts/synth.tcl
# source ../target.tcl
## set ABS_TOP                         /home/tmp/eecs151-agk/fpga-labs-fa24-MissyJinkl/lab4
## set TOP                            z1top
## set FPGA_PART                      xc7z020clg400-1
## set_param general.maxThreads       4
## set_param general.maxBackupLogs    0
## set RTL { /home/tmp/eecs151-agk/fpga-labs-fa24-MissyJinkl/lab4/src/button_parser.v /home/tmp/eecs151-agk/fpga-labs-fa24-MissyJinkl/lab4/src/dac.v /home/tmp/eecs151-agk/fpga-labs-fa24-MissyJinkl/lab4/src/debouncer.v /home/tmp/eecs151-agk/fpga-labs-fa24-MissyJinkl/lab4/src/edge_detector.v /home/tmp/eecs151-agk/fpga-labs-fa24-MissyJinkl/lab4/src/fcw_ram.v /home/tmp/eecs151-agk/fpga-labs-fa24-MissyJinkl/lab4/src/fsm.v /home/tmp/eecs151-agk/fpga-labs-fa24-MissyJinkl/lab4/src/nco.v /home/tmp/eecs151-agk/fpga-labs-fa24-MissyJinkl/lab4/src/sq_wave_gen.v /home/tmp/eecs151-agk/fpga-labs-fa24-MissyJinkl/lab4/src/synchronizer.v /home/tmp/eecs151-agk/fpga-labs-fa24-MissyJinkl/lab4/src/z1top.v }
## set CONSTRAINTS { /home/tmp/eecs151-agk/fpga-labs-fa24-MissyJinkl/lab4/src/z1top.xdc }
# if {[string trim ${RTL}] ne ""} {
#   read_verilog -v ${RTL}
# }
# if {[string trim ${CONSTRAINTS}] ne ""} {
#   read_xdc ${CONSTRAINTS}
# }
# synth_design -top ${TOP} -part ${FPGA_PART}
Command: synth_design -top z1top -part xc7z020clg400-1
Starting synth_design
Attempting to get a license for feature 'Synthesis' and/or device 'xc7z020'
INFO: [Common 17-349] Got license for feature 'Synthesis' and/or device 'xc7z020'
INFO: [Device 21-403] Loading part xc7z020clg400-1
INFO: [Synth 8-7079] Multithreading enabled for synth_design using a maximum of 4 processes.
INFO: [Synth 8-7078] Launching helper process for spawning children vivado processes
INFO: [Synth 8-7075] Helper process launched with PID 574988
WARNING: [Synth 8-2611] redeclaration of ansi port debounced_signal is not allowed [/home/tmp/eecs151-agk/fpga-labs-fa24-MissyJinkl/lab4/src/debouncer.v:22]
CRITICAL WARNING: [Synth 8-976] debounced_signal has already been declared [/home/tmp/eecs151-agk/fpga-labs-fa24-MissyJinkl/lab4/src/debouncer.v:22]
CRITICAL WARNING: [Synth 8-2654] second declaration of debounced_signal ignored [/home/tmp/eecs151-agk/fpga-labs-fa24-MissyJinkl/lab4/src/debouncer.v:22]
INFO: [Synth 8-994] debounced_signal is declared here [/home/tmp/eecs151-agk/fpga-labs-fa24-MissyJinkl/lab4/src/debouncer.v:10]
WARNING: [Synth 8-2611] redeclaration of ansi port edge_detect_pulse is not allowed [/home/tmp/eecs151-agk/fpga-labs-fa24-MissyJinkl/lab4/src/edge_detector.v:13]
CRITICAL WARNING: [Synth 8-976] edge_detect_pulse has already been declared [/home/tmp/eecs151-agk/fpga-labs-fa24-MissyJinkl/lab4/src/edge_detector.v:13]
CRITICAL WARNING: [Synth 8-2654] second declaration of edge_detect_pulse ignored [/home/tmp/eecs151-agk/fpga-labs-fa24-MissyJinkl/lab4/src/edge_detector.v:13]
INFO: [Synth 8-994] edge_detect_pulse is declared here [/home/tmp/eecs151-agk/fpga-labs-fa24-MissyJinkl/lab4/src/edge_detector.v:6]
---------------------------------------------------------------------------------
Starting RTL Elaboration : Time (s): cpu = 00:00:02 ; elapsed = 00:00:02 . Memory (MB): peak = 2684.461 ; gain = 0.000 ; free physical = 54721 ; free virtual = 64458
---------------------------------------------------------------------------------
INFO: [Synth 8-6157] synthesizing module 'z1top' [/home/tmp/eecs151-agk/fpga-labs-fa24-MissyJinkl/lab4/src/z1top.v:3]
INFO: [Synth 8-6157] synthesizing module 'button_parser' [/home/tmp/eecs151-agk/fpga-labs-fa24-MissyJinkl/lab4/src/button_parser.v:2]
	Parameter WIDTH bound to: 4 - type: integer 
	Parameter SAMPLE_CNT_MAX bound to: 62500 - type: integer 
	Parameter PULSE_CNT_MAX bound to: 200 - type: integer 
INFO: [Synth 8-6157] synthesizing module 'synchronizer' [/home/tmp/eecs151-agk/fpga-labs-fa24-MissyJinkl/lab4/src/synchronizer.v:1]
	Parameter WIDTH bound to: 4 - type: integer 
INFO: [Synth 8-6155] done synthesizing module 'synchronizer' (1#1) [/home/tmp/eecs151-agk/fpga-labs-fa24-MissyJinkl/lab4/src/synchronizer.v:1]
INFO: [Synth 8-6157] synthesizing module 'debouncer' [/home/tmp/eecs151-agk/fpga-labs-fa24-MissyJinkl/lab4/src/debouncer.v:1]
	Parameter WIDTH bound to: 4 - type: integer 
	Parameter SAMPLE_CNT_MAX bound to: 62500 - type: integer 
	Parameter PULSE_CNT_MAX bound to: 200 - type: integer 
INFO: [Synth 8-6155] done synthesizing module 'debouncer' (2#1) [/home/tmp/eecs151-agk/fpga-labs-fa24-MissyJinkl/lab4/src/debouncer.v:1]
INFO: [Synth 8-6157] synthesizing module 'edge_detector' [/home/tmp/eecs151-agk/fpga-labs-fa24-MissyJinkl/lab4/src/edge_detector.v:1]
	Parameter WIDTH bound to: 4 - type: integer 
INFO: [Synth 8-6155] done synthesizing module 'edge_detector' (3#1) [/home/tmp/eecs151-agk/fpga-labs-fa24-MissyJinkl/lab4/src/edge_detector.v:1]
INFO: [Synth 8-6155] done synthesizing module 'button_parser' (4#1) [/home/tmp/eecs151-agk/fpga-labs-fa24-MissyJinkl/lab4/src/button_parser.v:2]
INFO: [Synth 8-6157] synthesizing module 'synchronizer__parameterized0' [/home/tmp/eecs151-agk/fpga-labs-fa24-MissyJinkl/lab4/src/synchronizer.v:1]
	Parameter WIDTH bound to: 2 - type: integer 
INFO: [Synth 8-6155] done synthesizing module 'synchronizer__parameterized0' (4#1) [/home/tmp/eecs151-agk/fpga-labs-fa24-MissyJinkl/lab4/src/synchronizer.v:1]
INFO: [Synth 8-6157] synthesizing module 'dac' [/home/tmp/eecs151-agk/fpga-labs-fa24-MissyJinkl/lab4/src/dac.v:1]
	Parameter CYCLES_PER_WINDOW bound to: 1024 - type: integer 
INFO: [Synth 8-6155] done synthesizing module 'dac' (5#1) [/home/tmp/eecs151-agk/fpga-labs-fa24-MissyJinkl/lab4/src/dac.v:1]
INFO: [Synth 8-6157] synthesizing module 'sq_wave_gen' [/home/tmp/eecs151-agk/fpga-labs-fa24-MissyJinkl/lab4/src/sq_wave_gen.v:1]
INFO: [Synth 8-6155] done synthesizing module 'sq_wave_gen' (6#1) [/home/tmp/eecs151-agk/fpga-labs-fa24-MissyJinkl/lab4/src/sq_wave_gen.v:1]
INFO: [Synth 8-6157] synthesizing module 'nco' [/home/tmp/eecs151-agk/fpga-labs-fa24-MissyJinkl/lab4/src/nco.v:1]
INFO: [Synth 8-3876] $readmem data file '../sine.bin' is read successfully [/home/tmp/eecs151-agk/fpga-labs-fa24-MissyJinkl/lab4/src/nco.v:10]
INFO: [Synth 8-6155] done synthesizing module 'nco' (7#1) [/home/tmp/eecs151-agk/fpga-labs-fa24-MissyJinkl/lab4/src/nco.v:1]
INFO: [Synth 8-6157] synthesizing module 'fsm' [/home/tmp/eecs151-agk/fpga-labs-fa24-MissyJinkl/lab4/src/fsm.v:1]
INFO: [Synth 8-6157] synthesizing module 'fcw_ram' [/home/tmp/eecs151-agk/fpga-labs-fa24-MissyJinkl/lab4/src/fcw_ram.v:1]
INFO: [Synth 8-6155] done synthesizing module 'fcw_ram' (8#1) [/home/tmp/eecs151-agk/fpga-labs-fa24-MissyJinkl/lab4/src/fcw_ram.v:1]
INFO: [Synth 8-6155] done synthesizing module 'fsm' (9#1) [/home/tmp/eecs151-agk/fpga-labs-fa24-MissyJinkl/lab4/src/fsm.v:1]
INFO: [Synth 8-6155] done synthesizing module 'z1top' (10#1) [/home/tmp/eecs151-agk/fpga-labs-fa24-MissyJinkl/lab4/src/z1top.v:3]
---------------------------------------------------------------------------------
Finished RTL Elaboration : Time (s): cpu = 00:00:02 ; elapsed = 00:00:03 . Memory (MB): peak = 2684.461 ; gain = 0.000 ; free physical = 54697 ; free virtual = 64437
---------------------------------------------------------------------------------
---------------------------------------------------------------------------------
Start Handling Custom Attributes
---------------------------------------------------------------------------------
---------------------------------------------------------------------------------
Finished Handling Custom Attributes : Time (s): cpu = 00:00:03 ; elapsed = 00:00:03 . Memory (MB): peak = 2684.461 ; gain = 0.000 ; free physical = 55472 ; free virtual = 65212
---------------------------------------------------------------------------------
---------------------------------------------------------------------------------
Finished RTL Optimization Phase 1 : Time (s): cpu = 00:00:03 ; elapsed = 00:00:03 . Memory (MB): peak = 2684.461 ; gain = 0.000 ; free physical = 55472 ; free virtual = 65212
---------------------------------------------------------------------------------
Netlist sorting complete. Time (s): cpu = 00:00:00.01 ; elapsed = 00:00:00.01 . Memory (MB): peak = 2684.461 ; gain = 0.000 ; free physical = 55469 ; free virtual = 65209
INFO: [Project 1-570] Preparing netlist for logic optimization

Processing XDC Constraints
Initializing timing engine
Parsing XDC File [/home/tmp/eecs151-agk/fpga-labs-fa24-MissyJinkl/lab4/src/z1top.xdc]
Finished Parsing XDC File [/home/tmp/eecs151-agk/fpga-labs-fa24-MissyJinkl/lab4/src/z1top.xdc]
INFO: [Project 1-236] Implementation specific constraints were found while reading constraint file [/home/tmp/eecs151-agk/fpga-labs-fa24-MissyJinkl/lab4/src/z1top.xdc]. These constraints will be ignored for synthesis but will be used in implementation. Impacted constraints are listed in the file [.Xil/z1top_propImpl.xdc].
Resolution: To avoid this warning, move constraints listed in [.Xil/z1top_propImpl.xdc] to another XDC file and exclude this new file from synthesis with the used_in_synthesis property (File Properties dialog in GUI) and re-run elaboration/synthesis.
Completed Processing XDC Constraints

Netlist sorting complete. Time (s): cpu = 00:00:00 ; elapsed = 00:00:00 . Memory (MB): peak = 2716.414 ; gain = 0.000 ; free physical = 55355 ; free virtual = 65094
INFO: [Project 1-111] Unisim Transformation Summary:
No Unisim elements were transformed.

Constraint Validation Runtime : Time (s): cpu = 00:00:00 ; elapsed = 00:00:00.01 . Memory (MB): peak = 2716.414 ; gain = 0.000 ; free physical = 55355 ; free virtual = 65094
---------------------------------------------------------------------------------
Finished Constraint Validation : Time (s): cpu = 00:00:06 ; elapsed = 00:00:07 . Memory (MB): peak = 2716.414 ; gain = 31.953 ; free physical = 55509 ; free virtual = 65247
---------------------------------------------------------------------------------
---------------------------------------------------------------------------------
Start Loading Part and Timing Information
---------------------------------------------------------------------------------
Loading part: xc7z020clg400-1
---------------------------------------------------------------------------------
Finished Loading Part and Timing Information : Time (s): cpu = 00:00:06 ; elapsed = 00:00:07 . Memory (MB): peak = 2716.414 ; gain = 31.953 ; free physical = 55509 ; free virtual = 65247
---------------------------------------------------------------------------------
---------------------------------------------------------------------------------
Start Applying 'set_property' XDC Constraints
---------------------------------------------------------------------------------
---------------------------------------------------------------------------------
Finished applying 'set_property' XDC Constraints : Time (s): cpu = 00:00:06 ; elapsed = 00:00:07 . Memory (MB): peak = 2716.414 ; gain = 31.953 ; free physical = 55507 ; free virtual = 65247
---------------------------------------------------------------------------------
---------------------------------------------------------------------------------
Finished RTL Optimization Phase 2 : Time (s): cpu = 00:00:06 ; elapsed = 00:00:07 . Memory (MB): peak = 2716.414 ; gain = 31.953 ; free physical = 55498 ; free virtual = 65238
---------------------------------------------------------------------------------
---------------------------------------------------------------------------------
Start RTL Component Statistics 
---------------------------------------------------------------------------------
Detailed RTL Component Info : 
+---Adders : 
	   2 Input   32 Bit       Adders := 1     
	   2 Input   24 Bit       Adders := 3     
	   2 Input   16 Bit       Adders := 1     
	   2 Input   12 Bit       Adders := 2     
	   2 Input   10 Bit       Adders := 1     
	   2 Input    8 Bit       Adders := 4     
	   2 Input    2 Bit       Adders := 2     
+---Registers : 
	               24 Bit    Registers := 7     
	               16 Bit    Registers := 1     
	               12 Bit    Registers := 1     
	               10 Bit    Registers := 2     
	                8 Bit    Registers := 5     
	                4 Bit    Registers := 4     
	                2 Bit    Registers := 5     
	                1 Bit    Registers := 8     
+---ROMs : 
	                    ROMs := 1     
+---Muxes : 
	   4 Input   24 Bit        Muxes := 1     
	   2 Input   24 Bit        Muxes := 5     
	   3 Input   24 Bit        Muxes := 1     
	   2 Input   16 Bit        Muxes := 1     
	   2 Input   12 Bit        Muxes := 8     
	   2 Input   10 Bit        Muxes := 2     
	   3 Input   10 Bit        Muxes := 1     
	   2 Input    4 Bit        Muxes := 1     
	   2 Input    3 Bit        Muxes := 2     
	   6 Input    2 Bit        Muxes := 1     
	   2 Input    2 Bit        Muxes := 4     
	   4 Input    2 Bit        Muxes := 1     
	   2 Input    1 Bit        Muxes := 17    
	   4 Input    1 Bit        Muxes := 5     
---------------------------------------------------------------------------------
Finished RTL Component Statistics 
---------------------------------------------------------------------------------
---------------------------------------------------------------------------------
Start Part Resource Summary
---------------------------------------------------------------------------------
Part Resources:
DSPs: 220 (col length:60)
BRAMs: 280 (col length: RAMB18 60 RAMB36 30)
---------------------------------------------------------------------------------
Finished Part Resource Summary
---------------------------------------------------------------------------------
---------------------------------------------------------------------------------
Start Cross Boundary and Area Optimization
---------------------------------------------------------------------------------
---------------------------------------------------------------------------------
Finished Cross Boundary and Area Optimization : Time (s): cpu = 00:00:07 ; elapsed = 00:00:09 . Memory (MB): peak = 2716.414 ; gain = 31.953 ; free physical = 55482 ; free virtual = 65226
---------------------------------------------------------------------------------
---------------------------------------------------------------------------------
Start ROM, RAM, DSP, Shift Register and Retiming Reporting
---------------------------------------------------------------------------------

ROM: Preliminary Mapping Report
+------------+------------+---------------+----------------+
|Module Name | RTL Object | Depth x Width | Implemented As | 
+------------+------------+---------------+----------------+
|z1top       | sel        | 256x10        | Block RAM      | 
+------------+------------+---------------+----------------+

---------------------------------------------------------------------------------
Finished ROM, RAM, DSP, Shift Register and Retiming Reporting
---------------------------------------------------------------------------------
---------------------------------------------------------------------------------
Start Applying XDC Timing Constraints
---------------------------------------------------------------------------------
---------------------------------------------------------------------------------
Finished Applying XDC Timing Constraints : Time (s): cpu = 00:00:11 ; elapsed = 00:00:12 . Memory (MB): peak = 2716.414 ; gain = 31.953 ; free physical = 55357 ; free virtual = 65099
---------------------------------------------------------------------------------
---------------------------------------------------------------------------------
Start Timing Optimization
---------------------------------------------------------------------------------
---------------------------------------------------------------------------------
Finished Timing Optimization : Time (s): cpu = 00:00:11 ; elapsed = 00:00:13 . Memory (MB): peak = 2716.414 ; gain = 31.953 ; free physical = 55341 ; free virtual = 65085
---------------------------------------------------------------------------------
---------------------------------------------------------------------------------
Start Technology Mapping
---------------------------------------------------------------------------------
INFO: [Synth 8-7052] The timing for the instance sel (implemented as a Block RAM) might be sub-optimal as no optional output register could be merged into the ram block. Providing additional output register may help in improving timing.
---------------------------------------------------------------------------------
Finished Technology Mapping : Time (s): cpu = 00:00:12 ; elapsed = 00:00:13 . Memory (MB): peak = 2716.414 ; gain = 31.953 ; free physical = 55340 ; free virtual = 65084
---------------------------------------------------------------------------------
---------------------------------------------------------------------------------
Start IO Insertion
---------------------------------------------------------------------------------
---------------------------------------------------------------------------------
Start Flattening Before IO Insertion
---------------------------------------------------------------------------------
---------------------------------------------------------------------------------
Finished Flattening Before IO Insertion
---------------------------------------------------------------------------------
---------------------------------------------------------------------------------
Start Final Netlist Cleanup
---------------------------------------------------------------------------------
---------------------------------------------------------------------------------
Finished Final Netlist Cleanup
---------------------------------------------------------------------------------
---------------------------------------------------------------------------------
Finished IO Insertion : Time (s): cpu = 00:00:13 ; elapsed = 00:00:14 . Memory (MB): peak = 2716.414 ; gain = 31.953 ; free physical = 55340 ; free virtual = 65084
---------------------------------------------------------------------------------
---------------------------------------------------------------------------------
Start Renaming Generated Instances
---------------------------------------------------------------------------------
---------------------------------------------------------------------------------
Finished Renaming Generated Instances : Time (s): cpu = 00:00:13 ; elapsed = 00:00:14 . Memory (MB): peak = 2716.414 ; gain = 31.953 ; free physical = 55340 ; free virtual = 65084
---------------------------------------------------------------------------------
---------------------------------------------------------------------------------
Start Rebuilding User Hierarchy
---------------------------------------------------------------------------------
---------------------------------------------------------------------------------
Finished Rebuilding User Hierarchy : Time (s): cpu = 00:00:13 ; elapsed = 00:00:15 . Memory (MB): peak = 2716.414 ; gain = 31.953 ; free physical = 55340 ; free virtual = 65084
---------------------------------------------------------------------------------
---------------------------------------------------------------------------------
Start Renaming Generated Ports
---------------------------------------------------------------------------------
---------------------------------------------------------------------------------
Finished Renaming Generated Ports : Time (s): cpu = 00:00:13 ; elapsed = 00:00:15 . Memory (MB): peak = 2716.414 ; gain = 31.953 ; free physical = 55340 ; free virtual = 65084
---------------------------------------------------------------------------------
---------------------------------------------------------------------------------
Start Handling Custom Attributes
---------------------------------------------------------------------------------
---------------------------------------------------------------------------------
Finished Handling Custom Attributes : Time (s): cpu = 00:00:13 ; elapsed = 00:00:15 . Memory (MB): peak = 2716.414 ; gain = 31.953 ; free physical = 55340 ; free virtual = 65084
---------------------------------------------------------------------------------
---------------------------------------------------------------------------------
Start Renaming Generated Nets
---------------------------------------------------------------------------------
---------------------------------------------------------------------------------
Finished Renaming Generated Nets : Time (s): cpu = 00:00:13 ; elapsed = 00:00:15 . Memory (MB): peak = 2716.414 ; gain = 31.953 ; free physical = 55340 ; free virtual = 65084
---------------------------------------------------------------------------------
---------------------------------------------------------------------------------
Start Writing Synthesis Report
---------------------------------------------------------------------------------

Report BlackBoxes: 
+-+--------------+----------+
| |BlackBox name |Instances |
+-+--------------+----------+
+-+--------------+----------+

Report Cell Usage: 
+------+---------+------+
|      |Cell     |Count |
+------+---------+------+
|1     |BUFG     |     1|
|2     |CARRY4   |    53|
|3     |LUT1     |    54|
|4     |LUT2     |    84|
|5     |LUT3     |    41|
|6     |LUT4     |    49|
|7     |LUT5     |    35|
|8     |LUT6     |   137|
|9     |RAMB18E1 |     1|
|10    |FDRE     |   297|
|11    |FDSE     |    40|
|12    |IBUF     |     7|
|13    |OBUF     |     8|
+------+---------+------+
---------------------------------------------------------------------------------
Finished Writing Synthesis Report : Time (s): cpu = 00:00:13 ; elapsed = 00:00:15 . Memory (MB): peak = 2716.414 ; gain = 31.953 ; free physical = 55340 ; free virtual = 65084
---------------------------------------------------------------------------------
Synthesis finished with 0 errors, 0 critical warnings and 0 warnings.
Synthesis Optimization Runtime : Time (s): cpu = 00:00:12 ; elapsed = 00:00:13 . Memory (MB): peak = 2716.414 ; gain = 0.000 ; free physical = 55389 ; free virtual = 65133
Synthesis Optimization Complete : Time (s): cpu = 00:00:13 ; elapsed = 00:00:15 . Memory (MB): peak = 2716.422 ; gain = 31.953 ; free physical = 55388 ; free virtual = 65132
INFO: [Project 1-571] Translating synthesized netlist
Netlist sorting complete. Time (s): cpu = 00:00:00.01 ; elapsed = 00:00:00 . Memory (MB): peak = 2716.422 ; gain = 0.000 ; free physical = 55491 ; free virtual = 65235
INFO: [Netlist 29-17] Analyzing 54 Unisim elements for replacement
INFO: [Netlist 29-28] Unisim Transformation completed in 0 CPU seconds
INFO: [Project 1-570] Preparing netlist for logic optimization
Parsing XDC File [/home/tmp/eecs151-agk/fpga-labs-fa24-MissyJinkl/lab4/src/z1top.xdc]
Finished Parsing XDC File [/home/tmp/eecs151-agk/fpga-labs-fa24-MissyJinkl/lab4/src/z1top.xdc]
INFO: [Opt 31-138] Pushed 0 inverter(s) to 0 load pin(s).
Netlist sorting complete. Time (s): cpu = 00:00:00 ; elapsed = 00:00:00 . Memory (MB): peak = 2716.422 ; gain = 0.000 ; free physical = 55419 ; free virtual = 65163
INFO: [Project 1-111] Unisim Transformation Summary:
No Unisim elements were transformed.

Synth Design complete, checksum: 5a39fb7d
INFO: [Common 17-83] Releasing license: Synthesis
41 Infos, 2 Warnings, 4 Critical Warnings and 0 Errors encountered.
synth_design completed successfully
synth_design: Time (s): cpu = 00:00:20 ; elapsed = 00:00:23 . Memory (MB): peak = 2716.422 ; gain = 36.145 ; free physical = 55480 ; free virtual = 65224
INFO: [Common 17-600] The following parameters have non-default value.
general.maxThreads
# write_checkpoint -force ${TOP}.dcp
INFO: [Timing 38-480] Writing timing data to binary archive.
Writing placer database...
Writing XDEF routing.
Writing XDEF routing logical nets.
Writing XDEF routing special nets.
Write XDEF Complete: Time (s): cpu = 00:00:00.10 ; elapsed = 00:00:00.03 . Memory (MB): peak = 2756.434 ; gain = 0.000 ; free physical = 55474 ; free virtual = 65220
INFO: [Common 17-1381] The checkpoint '/home/tmp/eecs151-agk/fpga-labs-fa24-MissyJinkl/lab4/build/synth/z1top.dcp' has been generated.
# report_timing_summary -file post_synth_timing_summary.rpt
INFO: [Timing 38-35] Done setting XDC timing constraints.
INFO: [Timing 38-91] UpdateTimingParams: Speed grade: -1, Delay Type: min_max.
INFO: [Timing 38-191] Multithreading enabled for timing update using a maximum of 4 CPUs
# report_drc -file post_synth_drc.rpt
Command: report_drc -file post_synth_drc.rpt
INFO: [IP_Flow 19-234] Refreshing IP repositories
INFO: [IP_Flow 19-1704] No user IP repositories specified
INFO: [IP_Flow 19-2313] Loaded Vivado IP repository '/share/instsww/xilinx/Vivado/2021.1/data/ip'.
INFO: [DRC 23-27] Running DRC with 4 threads
INFO: [Vivado_Tcl 2-168] The results of DRC are in file /home/tmp/eecs151-agk/fpga-labs-fa24-MissyJinkl/lab4/build/synth/post_synth_drc.rpt.
report_drc completed successfully
# report_utilization -file post_synth_utilization.rpt
# write_verilog -force -file post_synth.v
# write_xdc -force -file post_synth.xdc
INFO: [Common 17-206] Exiting Vivado at Thu Oct 10 01:06:46 2024...
