
****** Vivado v2021.1 (64-bit)
  **** SW Build 3247384 on Thu Jun 10 19:36:07 MDT 2021
  **** IP Build 3246043 on Fri Jun 11 00:30:35 MDT 2021
    ** Copyright 1986-2021 Xilinx, Inc. All Rights Reserved.

source /home/tmp/eecs151-agk/fpga-labs-fa24-MissyJinkl/lab1/../scripts/impl.tcl
# source ../target.tcl
## set ABS_TOP                         /home/tmp/eecs151-agk/fpga-labs-fa24-MissyJinkl/lab1
## set TOP                            z1top
## set FPGA_PART                      xc7z020clg400-1
## set_param general.maxThreads       4
## set_param general.maxBackupLogs    0
## set RTL { /home/tmp/eecs151-agk/fpga-labs-fa24-MissyJinkl/lab1/src/d_flip_flop.v /home/tmp/eecs151-agk/fpga-labs-fa24-MissyJinkl/lab1/src/decoder_4_to_16.v /home/tmp/eecs151-agk/fpga-labs-fa24-MissyJinkl/lab1/src/four_bit_comparator_always.v /home/tmp/eecs151-agk/fpga-labs-fa24-MissyJinkl/lab1/src/line_decoder.v /home/tmp/eecs151-agk/fpga-labs-fa24-MissyJinkl/lab1/src/one_bit_comparator_always.v /home/tmp/eecs151-agk/fpga-labs-fa24-MissyJinkl/lab1/src/one_bit_comparator_behavioral.v /home/tmp/eecs151-agk/fpga-labs-fa24-MissyJinkl/lab1/src/one_bit_comparator_structural.v /home/tmp/eecs151-agk/fpga-labs-fa24-MissyJinkl/lab1/src/shift_register_behavioral.v /home/tmp/eecs151-agk/fpga-labs-fa24-MissyJinkl/lab1/src/shift_register_structural.v /home/tmp/eecs151-agk/fpga-labs-fa24-MissyJinkl/lab1/src/simple_counter.v /home/tmp/eecs151-agk/fpga-labs-fa24-MissyJinkl/lab1/src/z1top.v }
## set CONSTRAINTS { /home/tmp/eecs151-agk/fpga-labs-fa24-MissyJinkl/lab1/src/z1top.xdc }
# open_checkpoint ${ABS_TOP}/build/synth/${TOP}.dcp
Command: open_checkpoint /home/tmp/eecs151-agk/fpga-labs-fa24-MissyJinkl/lab1/build/synth/z1top.dcp

Starting open_checkpoint Task

Time (s): cpu = 00:00:00.01 ; elapsed = 00:00:00.02 . Memory (MB): peak = 2678.262 ; gain = 0.000 ; free physical = 52618 ; free virtual = 64301
INFO: [Device 21-403] Loading part xc7z020clg400-1
Netlist sorting complete. Time (s): cpu = 00:00:00 ; elapsed = 00:00:00 . Memory (MB): peak = 2684.461 ; gain = 0.000 ; free physical = 52171 ; free virtual = 63854
INFO: [Project 1-479] Netlist was created with Vivado 2021.1
INFO: [Project 1-570] Preparing netlist for logic optimization
INFO: [Timing 38-478] Restoring timing data from binary archive.
INFO: [Timing 38-479] Binary timing data restore complete.
INFO: [Project 1-856] Restoring constraints from binary archive.
INFO: [Project 1-853] Binary constraint restore complete.
Reading XDEF placement.
Reading placer database...
Reading XDEF routing.
Read XDEF File: Time (s): cpu = 00:00:00.04 ; elapsed = 00:00:00.05 . Memory (MB): peak = 2721.398 ; gain = 0.000 ; free physical = 51661 ; free virtual = 63344
Restored from archive | CPU: 0.040000 secs | Memory: 1.160980 MB |
Finished XDEF File Restore: Time (s): cpu = 00:00:00.04 ; elapsed = 00:00:00.05 . Memory (MB): peak = 2721.398 ; gain = 0.000 ; free physical = 51661 ; free virtual = 63344
Netlist sorting complete. Time (s): cpu = 00:00:00 ; elapsed = 00:00:00 . Memory (MB): peak = 2721.398 ; gain = 0.000 ; free physical = 51662 ; free virtual = 63345
INFO: [Project 1-111] Unisim Transformation Summary:
No Unisim elements were transformed.

INFO: [Project 1-604] Checkpoint was created with Vivado v2021.1 (64-bit) build 3247384
open_checkpoint: Time (s): cpu = 00:00:08 ; elapsed = 00:00:15 . Memory (MB): peak = 2721.398 ; gain = 43.137 ; free physical = 51662 ; free virtual = 63344
# if {[string trim ${CONSTRAINTS}] ne ""} {
#   read_xdc ${CONSTRAINTS}
# }
Parsing XDC File [/home/tmp/eecs151-agk/fpga-labs-fa24-MissyJinkl/lab1/src/z1top.xdc]
Finished Parsing XDC File [/home/tmp/eecs151-agk/fpga-labs-fa24-MissyJinkl/lab1/src/z1top.xdc]
# opt_design
Command: opt_design
Attempting to get a license for feature 'Implementation' and/or device 'xc7z020'
INFO: [Common 17-349] Got license for feature 'Implementation' and/or device 'xc7z020'
Running DRC as a precondition to command opt_design

Starting DRC Task
INFO: [DRC 23-27] Running DRC with 4 threads
INFO: [Project 1-461] DRC finished with 0 Errors
INFO: [Project 1-462] Please refer to the DRC report (report_drc) for more information.

Time (s): cpu = 00:00:00.34 ; elapsed = 00:00:00.45 . Memory (MB): peak = 2757.383 ; gain = 35.984 ; free physical = 51654 ; free virtual = 63336

Starting Cache Timing Information Task
INFO: [Timing 38-35] Done setting XDC timing constraints.
Ending Cache Timing Information Task | Checksum: 163b83205

Time (s): cpu = 00:00:00.01 ; elapsed = 00:00:00.02 . Memory (MB): peak = 2815.195 ; gain = 57.812 ; free physical = 51644 ; free virtual = 63326

Starting Logic Optimization Task

Phase 1 Retarget
INFO: [Opt 31-138] Pushed 0 inverter(s) to 0 load pin(s).
INFO: [Opt 31-49] Retargeted 0 cell(s).
Phase 1 Retarget | Checksum: 163b83205

Time (s): cpu = 00:00:00.01 ; elapsed = 00:00:00.02 . Memory (MB): peak = 2986.195 ; gain = 0.000 ; free physical = 51470 ; free virtual = 63152
INFO: [Opt 31-389] Phase Retarget created 0 cells and removed 0 cells

Phase 2 Constant propagation
INFO: [Opt 31-138] Pushed 0 inverter(s) to 0 load pin(s).
Phase 2 Constant propagation | Checksum: 163b83205

Time (s): cpu = 00:00:00.01 ; elapsed = 00:00:00.02 . Memory (MB): peak = 2986.195 ; gain = 0.000 ; free physical = 51470 ; free virtual = 63152
INFO: [Opt 31-389] Phase Constant propagation created 0 cells and removed 0 cells

Phase 3 Sweep
Phase 3 Sweep | Checksum: 163b83205

Time (s): cpu = 00:00:00.01 ; elapsed = 00:00:00.02 . Memory (MB): peak = 2986.195 ; gain = 0.000 ; free physical = 51470 ; free virtual = 63152
INFO: [Opt 31-389] Phase Sweep created 0 cells and removed 0 cells

Phase 4 BUFG optimization
Phase 4 BUFG optimization | Checksum: 163b83205

Time (s): cpu = 00:00:00.01 ; elapsed = 00:00:00.02 . Memory (MB): peak = 2986.195 ; gain = 0.000 ; free physical = 51470 ; free virtual = 63152
INFO: [Opt 31-662] Phase BUFG optimization created 0 cells of which 0 are BUFGs and removed 0 cells.

Phase 5 Shift Register Optimization
INFO: [Opt 31-1064] SRL Remap converted 0 SRLs to 0 registers and converted 0 registers of register chains to 0 SRLs
Phase 5 Shift Register Optimization | Checksum: 163b83205

Time (s): cpu = 00:00:00.01 ; elapsed = 00:00:00.02 . Memory (MB): peak = 2986.195 ; gain = 0.000 ; free physical = 51470 ; free virtual = 63152
INFO: [Opt 31-389] Phase Shift Register Optimization created 0 cells and removed 0 cells

Phase 6 Post Processing Netlist
Phase 6 Post Processing Netlist | Checksum: 163b83205

Time (s): cpu = 00:00:00.01 ; elapsed = 00:00:00.02 . Memory (MB): peak = 2986.195 ; gain = 0.000 ; free physical = 51470 ; free virtual = 63152
INFO: [Opt 31-389] Phase Post Processing Netlist created 0 cells and removed 0 cells
Opt_design Change Summary
=========================


-------------------------------------------------------------------------------------------------------------------------
|  Phase                        |  #Cells created  |  #Cells Removed  |  #Constrained objects preventing optimizations  |
-------------------------------------------------------------------------------------------------------------------------
|  Retarget                     |               0  |               0  |                                              0  |
|  Constant propagation         |               0  |               0  |                                              0  |
|  Sweep                        |               0  |               0  |                                              0  |
|  BUFG optimization            |               0  |               0  |                                              0  |
|  Shift Register Optimization  |               0  |               0  |                                              0  |
|  Post Processing Netlist      |               0  |               0  |                                              0  |
-------------------------------------------------------------------------------------------------------------------------



Starting Connectivity Check Task

Time (s): cpu = 00:00:00 ; elapsed = 00:00:00 . Memory (MB): peak = 2986.195 ; gain = 0.000 ; free physical = 51470 ; free virtual = 63152
Ending Logic Optimization Task | Checksum: 163b83205

Time (s): cpu = 00:00:00.02 ; elapsed = 00:00:00.03 . Memory (MB): peak = 2986.195 ; gain = 0.000 ; free physical = 51470 ; free virtual = 63152

Starting Power Optimization Task
INFO: [Pwropt 34-132] Skipping clock gating for clocks with a period < 2.00 ns.
Ending Power Optimization Task | Checksum: 163b83205

Time (s): cpu = 00:00:00 ; elapsed = 00:00:00.01 . Memory (MB): peak = 2986.195 ; gain = 0.000 ; free physical = 51470 ; free virtual = 63152

Starting Final Cleanup Task
Ending Final Cleanup Task | Checksum: 163b83205

Time (s): cpu = 00:00:00 ; elapsed = 00:00:00 . Memory (MB): peak = 2986.195 ; gain = 0.000 ; free physical = 51470 ; free virtual = 63152

Starting Netlist Obfuscation Task
Netlist sorting complete. Time (s): cpu = 00:00:00 ; elapsed = 00:00:00 . Memory (MB): peak = 2986.195 ; gain = 0.000 ; free physical = 51470 ; free virtual = 63152
Ending Netlist Obfuscation Task | Checksum: 163b83205

Time (s): cpu = 00:00:00 ; elapsed = 00:00:00 . Memory (MB): peak = 2986.195 ; gain = 0.000 ; free physical = 51470 ; free virtual = 63152
INFO: [Common 17-83] Releasing license: Implementation
17 Infos, 0 Warnings, 0 Critical Warnings and 0 Errors encountered.
opt_design completed successfully
INFO: [Common 17-600] The following parameters have non-default value.
general.maxThreads
# place_design
Command: place_design
Attempting to get a license for feature 'Implementation' and/or device 'xc7z020'
INFO: [Common 17-349] Got license for feature 'Implementation' and/or device 'xc7z020'
INFO: [Timing 38-35] Done setting XDC timing constraints.
INFO: [DRC 23-27] Running DRC with 4 threads
INFO: [Vivado_Tcl 4-198] DRC finished with 0 Errors
INFO: [Vivado_Tcl 4-199] Please refer to the DRC report (report_drc) for more information.
Running DRC as a precondition to command place_design
INFO: [DRC 23-27] Running DRC with 4 threads
INFO: [Vivado_Tcl 4-198] DRC finished with 0 Errors
INFO: [Vivado_Tcl 4-199] Please refer to the DRC report (report_drc) for more information.

Starting Placer Task
INFO: [Place 30-611] Multithreading enabled for place_design using a maximum of 4 CPUs

Phase 1 Placer Initialization

Phase 1.1 Placer Initialization Netlist Sorting
Netlist sorting complete. Time (s): cpu = 00:00:00 ; elapsed = 00:00:00 . Memory (MB): peak = 3083.648 ; gain = 0.000 ; free physical = 51435 ; free virtual = 63117
Phase 1.1 Placer Initialization Netlist Sorting | Checksum: 143224ad7

Time (s): cpu = 00:00:00.01 ; elapsed = 00:00:00.03 . Memory (MB): peak = 3083.648 ; gain = 0.000 ; free physical = 51435 ; free virtual = 63117
Netlist sorting complete. Time (s): cpu = 00:00:00 ; elapsed = 00:00:00 . Memory (MB): peak = 3083.648 ; gain = 0.000 ; free physical = 51435 ; free virtual = 63117

Phase 1.2 IO Placement/ Clock Placement/ Build Placer Device
Phase 1.2 IO Placement/ Clock Placement/ Build Placer Device | Checksum: 143224ad7

Time (s): cpu = 00:00:00.09 ; elapsed = 00:00:00.06 . Memory (MB): peak = 3083.648 ; gain = 0.000 ; free physical = 51451 ; free virtual = 63133

Phase 1.3 Build Placer Netlist Model
Phase 1.3 Build Placer Netlist Model | Checksum: 1a58cc90c

Time (s): cpu = 00:00:00.11 ; elapsed = 00:00:00.07 . Memory (MB): peak = 3083.648 ; gain = 0.000 ; free physical = 51450 ; free virtual = 63132

Phase 1.4 Constrain Clocks/Macros
Phase 1.4 Constrain Clocks/Macros | Checksum: 1a58cc90c

Time (s): cpu = 00:00:00.11 ; elapsed = 00:00:00.07 . Memory (MB): peak = 3083.648 ; gain = 0.000 ; free physical = 51450 ; free virtual = 63132
Phase 1 Placer Initialization | Checksum: 1a58cc90c

Time (s): cpu = 00:00:00.11 ; elapsed = 00:00:00.07 . Memory (MB): peak = 3083.648 ; gain = 0.000 ; free physical = 51449 ; free virtual = 63131

Phase 2 Global Placement

Phase 2.1 Floorplanning
Phase 2.1 Floorplanning | Checksum: 1a58cc90c

Time (s): cpu = 00:00:00.11 ; elapsed = 00:00:00.07 . Memory (MB): peak = 3083.648 ; gain = 0.000 ; free physical = 51448 ; free virtual = 63130

Phase 2.2 Update Timing before SLR Path Opt
Phase 2.2 Update Timing before SLR Path Opt | Checksum: 1a58cc90c

Time (s): cpu = 00:00:00.11 ; elapsed = 00:00:00.07 . Memory (MB): peak = 3083.648 ; gain = 0.000 ; free physical = 51448 ; free virtual = 63130

Phase 2.3 Post-Processing in Floorplanning
Phase 2.3 Post-Processing in Floorplanning | Checksum: 1a58cc90c

Time (s): cpu = 00:00:00.11 ; elapsed = 00:00:00.07 . Memory (MB): peak = 3083.648 ; gain = 0.000 ; free physical = 51448 ; free virtual = 63130

Phase 2.4 Global Placement Core
WARNING: [Place 46-29] place_design is not in timing mode. Skip physical synthesis in placer
Phase 2.4 Global Placement Core | Checksum: 17b67573c

Time (s): cpu = 00:00:00.22 ; elapsed = 00:00:00.10 . Memory (MB): peak = 3107.660 ; gain = 24.012 ; free physical = 51428 ; free virtual = 63110
Phase 2 Global Placement | Checksum: 17b67573c

Time (s): cpu = 00:00:00.22 ; elapsed = 00:00:00.10 . Memory (MB): peak = 3107.660 ; gain = 24.012 ; free physical = 51428 ; free virtual = 63110

Phase 3 Detail Placement

Phase 3.1 Commit Multi Column Macros
Phase 3.1 Commit Multi Column Macros | Checksum: 17b67573c

Time (s): cpu = 00:00:00.22 ; elapsed = 00:00:00.11 . Memory (MB): peak = 3107.660 ; gain = 24.012 ; free physical = 51428 ; free virtual = 63110

Phase 3.2 Commit Most Macros & LUTRAMs
Phase 3.2 Commit Most Macros & LUTRAMs | Checksum: 1845295ee

Time (s): cpu = 00:00:00.23 ; elapsed = 00:00:00.11 . Memory (MB): peak = 3107.660 ; gain = 24.012 ; free physical = 51429 ; free virtual = 63111

Phase 3.3 Area Swap Optimization
Phase 3.3 Area Swap Optimization | Checksum: 1c4b2f189

Time (s): cpu = 00:00:00.24 ; elapsed = 00:00:00.11 . Memory (MB): peak = 3107.660 ; gain = 24.012 ; free physical = 51428 ; free virtual = 63110

Phase 3.4 Pipeline Register Optimization
Phase 3.4 Pipeline Register Optimization | Checksum: 1c4b2f189

Time (s): cpu = 00:00:00.24 ; elapsed = 00:00:00.11 . Memory (MB): peak = 3107.660 ; gain = 24.012 ; free physical = 51428 ; free virtual = 63110

Phase 3.5 Small Shape Detail Placement
Phase 3.5 Small Shape Detail Placement | Checksum: bf14e209

Time (s): cpu = 00:00:00.46 ; elapsed = 00:00:00.17 . Memory (MB): peak = 3108.664 ; gain = 25.016 ; free physical = 51427 ; free virtual = 63109

Phase 3.6 Re-assign LUT pins
Phase 3.6 Re-assign LUT pins | Checksum: bf14e209

Time (s): cpu = 00:00:00.46 ; elapsed = 00:00:00.17 . Memory (MB): peak = 3108.664 ; gain = 25.016 ; free physical = 51427 ; free virtual = 63109

Phase 3.7 Pipeline Register Optimization
Phase 3.7 Pipeline Register Optimization | Checksum: bf14e209

Time (s): cpu = 00:00:00.47 ; elapsed = 00:00:00.17 . Memory (MB): peak = 3108.664 ; gain = 25.016 ; free physical = 51427 ; free virtual = 63109
Phase 3 Detail Placement | Checksum: bf14e209

Time (s): cpu = 00:00:00.47 ; elapsed = 00:00:00.17 . Memory (MB): peak = 3108.664 ; gain = 25.016 ; free physical = 51427 ; free virtual = 63109

Phase 4 Post Placement Optimization and Clean-Up

Phase 4.1 Post Commit Optimization
Phase 4.1 Post Commit Optimization | Checksum: bf14e209

Time (s): cpu = 00:00:00.47 ; elapsed = 00:00:00.17 . Memory (MB): peak = 3108.664 ; gain = 25.016 ; free physical = 51427 ; free virtual = 63109

Phase 4.2 Post Placement Cleanup
Phase 4.2 Post Placement Cleanup | Checksum: bf14e209

Time (s): cpu = 00:00:00.48 ; elapsed = 00:00:00.17 . Memory (MB): peak = 3108.664 ; gain = 25.016 ; free physical = 51429 ; free virtual = 63111

Phase 4.3 Placer Reporting

Phase 4.3.1 Print Estimated Congestion
INFO: [Place 30-612] Post-Placement Estimated Congestion 
 ____________________________________________________
|           | Global Congestion | Short Congestion  |
| Direction | Region Size       | Region Size       |
|___________|___________________|___________________|
|      North|                1x1|                1x1|
|___________|___________________|___________________|
|      South|                1x1|                1x1|
|___________|___________________|___________________|
|       East|                1x1|                1x1|
|___________|___________________|___________________|
|       West|                1x1|                1x1|
|___________|___________________|___________________|

Phase 4.3.1 Print Estimated Congestion | Checksum: bf14e209

Time (s): cpu = 00:00:00.48 ; elapsed = 00:00:00.17 . Memory (MB): peak = 3108.664 ; gain = 25.016 ; free physical = 51429 ; free virtual = 63111
Phase 4.3 Placer Reporting | Checksum: bf14e209

Time (s): cpu = 00:00:00.48 ; elapsed = 00:00:00.17 . Memory (MB): peak = 3108.664 ; gain = 25.016 ; free physical = 51429 ; free virtual = 63111

Phase 4.4 Final Placement Cleanup
Netlist sorting complete. Time (s): cpu = 00:00:00 ; elapsed = 00:00:00 . Memory (MB): peak = 3108.664 ; gain = 0.000 ; free physical = 51429 ; free virtual = 63111

Time (s): cpu = 00:00:00.48 ; elapsed = 00:00:00.17 . Memory (MB): peak = 3108.664 ; gain = 25.016 ; free physical = 51429 ; free virtual = 63111
Phase 4 Post Placement Optimization and Clean-Up | Checksum: bf14e209

Time (s): cpu = 00:00:00.48 ; elapsed = 00:00:00.17 . Memory (MB): peak = 3108.664 ; gain = 25.016 ; free physical = 51429 ; free virtual = 63111
Ending Placer Task | Checksum: 95aa80ab

Time (s): cpu = 00:00:00.48 ; elapsed = 00:00:00.17 . Memory (MB): peak = 3108.664 ; gain = 25.016 ; free physical = 51429 ; free virtual = 63111
INFO: [Common 17-83] Releasing license: Implementation
11 Infos, 1 Warnings, 0 Critical Warnings and 0 Errors encountered.
place_design completed successfully
INFO: [Common 17-600] The following parameters have non-default value.
general.maxThreads
# write_checkpoint -force ${TOP}_placed.dcp
INFO: [Timing 38-480] Writing timing data to binary archive.
Writing placer database...
Writing XDEF routing.
Writing XDEF routing logical nets.
Writing XDEF routing special nets.
Write XDEF Complete: Time (s): cpu = 00:00:00.05 ; elapsed = 00:00:00.14 . Memory (MB): peak = 3116.668 ; gain = 0.000 ; free physical = 51444 ; free virtual = 63127
INFO: [Common 17-1381] The checkpoint '/home/tmp/eecs151-agk/fpga-labs-fa24-MissyJinkl/lab1/build/impl/z1top_placed.dcp' has been generated.
# report_utilization -file post_place_utilization.rpt
# phys_opt_design
Command: phys_opt_design
Attempting to get a license for feature 'Implementation' and/or device 'xc7z020'
INFO: [Common 17-349] Got license for feature 'Implementation' and/or device 'xc7z020'
INFO: [Vivado_Tcl 4-235] No timing constraint found. The netlist was not modified.
INFO: [Common 17-83] Releasing license: Implementation
3 Infos, 0 Warnings, 0 Critical Warnings and 0 Errors encountered.
phys_opt_design completed successfully
INFO: [Common 17-600] The following parameters have non-default value.
general.maxThreads
# route_design
Command: route_design
Attempting to get a license for feature 'Implementation' and/or device 'xc7z020'
INFO: [Common 17-349] Got license for feature 'Implementation' and/or device 'xc7z020'
Running DRC as a precondition to command route_design
INFO: [DRC 23-27] Running DRC with 4 threads
INFO: [Vivado_Tcl 4-198] DRC finished with 0 Errors
INFO: [Vivado_Tcl 4-199] Please refer to the DRC report (report_drc) for more information.


Starting Routing Task
INFO: [Route 35-254] Multithreading enabled for route_design using a maximum of 4 CPUs
Checksum: PlaceDB: 42c72edb ConstDB: 0 ShapeSum: 52e351d0 RouteDB: 0

Phase 1 Build RT Design
Phase 1 Build RT Design | Checksum: 108bc62c5

Time (s): cpu = 00:00:09 ; elapsed = 00:00:07 . Memory (MB): peak = 3180.289 ; gain = 63.621 ; free physical = 51286 ; free virtual = 62969
Post Restoration Checksum: NetGraph: 509b9162 NumContArr: b820d163 Constraints: 0 Timing: 0

Phase 2 Router Initialization
INFO: [Route 35-64] No timing constraints were detected. The router will operate in resource-optimization mode.

Phase 2.1 Fix Topology Constraints
Phase 2.1 Fix Topology Constraints | Checksum: 108bc62c5

Time (s): cpu = 00:00:09 ; elapsed = 00:00:07 . Memory (MB): peak = 3188.285 ; gain = 71.617 ; free physical = 51267 ; free virtual = 62950

Phase 2.2 Pre Route Cleanup
Phase 2.2 Pre Route Cleanup | Checksum: 108bc62c5

Time (s): cpu = 00:00:09 ; elapsed = 00:00:07 . Memory (MB): peak = 3188.285 ; gain = 71.617 ; free physical = 51267 ; free virtual = 62950
 Number of Nodes with overlaps = 0
Phase 2 Router Initialization | Checksum: 17426e343

Time (s): cpu = 00:00:09 ; elapsed = 00:00:07 . Memory (MB): peak = 3200.168 ; gain = 83.500 ; free physical = 51265 ; free virtual = 62948

Router Utilization Summary
  Global Vertical Routing Utilization    = 0 %
  Global Horizontal Routing Utilization  = 0 %
  Routable Net Status*
  *Does not include unroutable nets such as driverless and loadless.
  Run report_route_status for detailed report.
  Number of Failed Nets               = 3
    (Failed Nets is the sum of unrouted and partially routed nets)
  Number of Unrouted Nets             = 3
  Number of Partially Routed Nets     = 0
  Number of Node Overlaps             = 0


Phase 3 Initial Routing

Phase 3.1 Global Routing
Phase 3.1 Global Routing | Checksum: 17426e343

Time (s): cpu = 00:00:09 ; elapsed = 00:00:07 . Memory (MB): peak = 3200.168 ; gain = 83.500 ; free physical = 51265 ; free virtual = 62947
 Number of Nodes with overlaps = 0
Phase 3 Initial Routing | Checksum: 61cec861

Time (s): cpu = 00:00:09 ; elapsed = 00:00:07 . Memory (MB): peak = 3200.168 ; gain = 83.500 ; free physical = 51262 ; free virtual = 62945

Phase 4 Rip-up And Reroute

Phase 4.1 Global Iteration 0
Phase 4.1 Global Iteration 0 | Checksum: 61cec861

Time (s): cpu = 00:00:09 ; elapsed = 00:00:07 . Memory (MB): peak = 3200.168 ; gain = 83.500 ; free physical = 51262 ; free virtual = 62945
Phase 4 Rip-up And Reroute | Checksum: 61cec861

Time (s): cpu = 00:00:09 ; elapsed = 00:00:07 . Memory (MB): peak = 3200.168 ; gain = 83.500 ; free physical = 51262 ; free virtual = 62945

Phase 5 Delay and Skew Optimization
Phase 5 Delay and Skew Optimization | Checksum: 61cec861

Time (s): cpu = 00:00:09 ; elapsed = 00:00:07 . Memory (MB): peak = 3200.168 ; gain = 83.500 ; free physical = 51262 ; free virtual = 62945

Phase 6 Post Hold Fix

Phase 6.1 Hold Fix Iter
Phase 6.1 Hold Fix Iter | Checksum: 61cec861

Time (s): cpu = 00:00:09 ; elapsed = 00:00:07 . Memory (MB): peak = 3200.168 ; gain = 83.500 ; free physical = 51262 ; free virtual = 62945
Phase 6 Post Hold Fix | Checksum: 61cec861

Time (s): cpu = 00:00:09 ; elapsed = 00:00:07 . Memory (MB): peak = 3200.168 ; gain = 83.500 ; free physical = 51262 ; free virtual = 62945

Phase 7 Route finalize

Router Utilization Summary
  Global Vertical Routing Utilization    = 0.00284768 %
  Global Horizontal Routing Utilization  = 0.000591616 %
  Routable Net Status*
  *Does not include unroutable nets such as driverless and loadless.
  Run report_route_status for detailed report.
  Number of Failed Nets               = 0
    (Failed Nets is the sum of unrouted and partially routed nets)
  Number of Unrouted Nets             = 0
  Number of Partially Routed Nets     = 0
  Number of Node Overlaps             = 0

Congestion Report
North Dir 1x1 Area, Max Cong = 5.40541%, No Congested Regions.
South Dir 1x1 Area, Max Cong = 0%, No Congested Regions.
East Dir 1x1 Area, Max Cong = 2.94118%, No Congested Regions.
West Dir 1x1 Area, Max Cong = 2.94118%, No Congested Regions.

------------------------------
Reporting congestion hotspots
------------------------------
Direction: North
----------------
Congested clusters found at Level 0
Effective congestion level: 0 Aspect Ratio: 1 Sparse Ratio: 0
Direction: South
----------------
Congested clusters found at Level 0
Effective congestion level: 0 Aspect Ratio: 1 Sparse Ratio: 0
Direction: East
----------------
Congested clusters found at Level 0
Effective congestion level: 0 Aspect Ratio: 1 Sparse Ratio: 0
Direction: West
----------------
Congested clusters found at Level 0
Effective congestion level: 0 Aspect Ratio: 1 Sparse Ratio: 0

Phase 7 Route finalize | Checksum: 61cec861

Time (s): cpu = 00:00:09 ; elapsed = 00:00:07 . Memory (MB): peak = 3200.168 ; gain = 83.500 ; free physical = 51262 ; free virtual = 62944

Phase 8 Verifying routed nets

 Verification completed successfully
Phase 8 Verifying routed nets | Checksum: 61cec861

Time (s): cpu = 00:00:09 ; elapsed = 00:00:07 . Memory (MB): peak = 3200.168 ; gain = 83.500 ; free physical = 51259 ; free virtual = 62941

Phase 9 Depositing Routes
Phase 9 Depositing Routes | Checksum: 65493157

Time (s): cpu = 00:00:09 ; elapsed = 00:00:07 . Memory (MB): peak = 3200.168 ; gain = 83.500 ; free physical = 51259 ; free virtual = 62941
INFO: [Route 35-16] Router Completed Successfully

Time (s): cpu = 00:00:09 ; elapsed = 00:00:07 . Memory (MB): peak = 3200.168 ; gain = 83.500 ; free physical = 51279 ; free virtual = 62962

Routing Is Done.
INFO: [Common 17-83] Releasing license: Implementation
8 Infos, 0 Warnings, 0 Critical Warnings and 0 Errors encountered.
route_design completed successfully
route_design: Time (s): cpu = 00:00:09 ; elapsed = 00:00:08 . Memory (MB): peak = 3200.168 ; gain = 83.500 ; free physical = 51280 ; free virtual = 62962
INFO: [Common 17-600] The following parameters have non-default value.
general.maxThreads
# write_checkpoint -force ${TOP}_routed.dcp
INFO: [Timing 38-480] Writing timing data to binary archive.
Writing placer database...
Writing XDEF routing.
Writing XDEF routing logical nets.
Writing XDEF routing special nets.
Write XDEF Complete: Time (s): cpu = 00:00:00.05 ; elapsed = 00:00:00.14 . Memory (MB): peak = 3217.078 ; gain = 8.906 ; free physical = 51277 ; free virtual = 62962
INFO: [Common 17-1381] The checkpoint '/home/tmp/eecs151-agk/fpga-labs-fa24-MissyJinkl/lab1/build/impl/z1top_routed.dcp' has been generated.
# write_verilog -force post_route.v
# write_xdc -force post_route.xdc
# report_drc -file post_route_drc.rpt
Command: report_drc -file post_route_drc.rpt
INFO: [IP_Flow 19-234] Refreshing IP repositories
INFO: [IP_Flow 19-1704] No user IP repositories specified
INFO: [IP_Flow 19-2313] Loaded Vivado IP repository '/share/instsww/xilinx/Vivado/2021.1/data/ip'.
INFO: [DRC 23-27] Running DRC with 4 threads
INFO: [Vivado_Tcl 2-168] The results of DRC are in file /home/tmp/eecs151-agk/fpga-labs-fa24-MissyJinkl/lab1/build/impl/post_route_drc.rpt.
report_drc completed successfully
# report_timing_summary -warn_on_violation -file post_route_timing_summary.rpt
INFO: [Timing 38-91] UpdateTimingParams: Speed grade: -1, Delay Type: min_max.
INFO: [Timing 38-191] Multithreading enabled for timing update using a maximum of 4 CPUs
WARNING: [Timing 38-313] There are no user specified timing constraints. Timing constraints are needed for proper timing analysis.
# write_bitstream -force ${TOP}.bit
Command: write_bitstream -force z1top.bit
Attempting to get a license for feature 'Implementation' and/or device 'xc7z020'
INFO: [Common 17-349] Got license for feature 'Implementation' and/or device 'xc7z020'
Running DRC as a precondition to command write_bitstream
INFO: [IP_Flow 19-1839] IP Catalog is up to date.
INFO: [DRC 23-27] Running DRC with 4 threads
WARNING: [DRC ZPS7-1] PS7 block required: The PS7 cell must be used in this Zynq design in order to enable correct default configuration.
INFO: [Vivado 12-3199] DRC finished with 0 Errors, 1 Warnings
INFO: [Vivado 12-3200] Please refer to the DRC report (report_drc) for more information.
INFO: [Designutils 20-2272] Running write_bitstream with 4 threads.
Loading data files...
Loading site data...
Loading route data...
Processing options...
Creating bitmap...
Creating bitstream...
Writing bitstream ./z1top.bit...
INFO: [Vivado 12-1842] Bitgen Completed Successfully.
INFO: [#UNDEF] WebTalk data collection is mandatory when using a WebPACK part without a full Vivado license. To see the specific WebTalk data collected for your design, open the usage_statistics_webtalk.html or usage_statistics_webtalk.xml file in the implementation directory.
INFO: [Common 17-83] Releasing license: Implementation
9 Infos, 1 Warnings, 0 Critical Warnings and 0 Errors encountered.
write_bitstream completed successfully
write_bitstream: Time (s): cpu = 00:00:05 ; elapsed = 00:00:15 . Memory (MB): peak = 3584.445 ; gain = 334.715 ; free physical = 51203 ; free virtual = 62890
INFO: [Common 17-206] Exiting Vivado at Fri Sep 13 08:54:29 2024...
